2026-04-03 14:21:16,906 Ś apscheduler.scheduler Ś INFO Ś Scheduler started
2026-04-03 14:25:53,124 Ś apscheduler.scheduler Ś INFO Ś Scheduler started
2026-04-03 14:26:46,523 Ś apscheduler.scheduler Ś INFO Ś Scheduler started
2026-04-03 14:30:20,398 Ś apscheduler.scheduler Ś INFO Ś Scheduler started
2026-04-03 14:30:25,445 Ś httpx Ś INFO Ś HTTP Request: POST https://api.telegram.org/bot8733229815:AAFZEEL4GozXnCNfSXa3I0cD_wFkbtMPVgQ/getMe "HTTP/1.1 200 OK"
2026-04-03 14:30:25,955 Ś httpx Ś INFO Ś HTTP Request: POST https://api.telegram.org/bot8733229815:AAFZEEL4GozXnCNfSXa3I0cD_wFkbtMPVgQ/deleteWebhook "HTTP/1.1 200 OK"
2026-04-03 14:30:25,958 Ś telegram.ext.Application Ś INFO Ś Application started
2026-04-03 14:30:36,708 Ś httpx Ś INFO Ś HTTP Request: POST https://api.telegram.org/bot8733229815:AAFZEEL4GozXnCNfSXa3I0cD_wFkbtMPVgQ/getUpdates "HTTP/1.1 200 OK"
2026-04-03 14:30:44,825 Ś httpx Ś INFO Ś HTTP Request: POST https://api.telegram.org/bot8733229815:AAFZEEL4GozXnCNfSXa3I0cD_wFkbtMPVgQ/getUpdates "HTTP/1.1 200 OK"
2026-04-03 14:30:45,596 Ś httpx Ś INFO Ś HTTP Request: POST https://api.telegram.org/bot8733229815:AAFZEEL4GozXnCNfSXa3I0cD_wFkbtMPVgQ/sendMessage "HTTP/1.1 200 OK"
2026-04-03 14:30:55,198 Ś httpx Ś INFO Ś HTTP Request: POST https://api.telegram.org/bot8733229815:AAFZEEL4GozXnCNfSXa3I0cD_wFkbtMPVgQ/getUpdates "HTTP/1.1 200 OK"
2026-04-03 14:31:05,400 Ś httpx Ś INFO Ś HTTP Request: POST https://api.telegram.org/bot8733229815:AAFZEEL4GozXnCNfSXa3I0cD_wFkbtMPVgQ/getUpdates "HTTP/1.1 200 OK"
2026-04-03 14:31:12,917 Ś httpx Ś INFO Ś HTTP Request: POST https://api.telegram.org/bot8733229815:AAFZEEL4GozXnCNfSXa3I0cD_wFkbtMPVgQ/getUpdates "HTTP/1.1 200 OK"
2026-04-03 14:31:23,243 Ś httpx Ś INFO Ś HTTP Request: POST https://api.telegram.org/bot8733229815:AAFZEEL4GozXnCNfSXa3I0cD_wFkbtMPVgQ/getUpdates "HTTP/1.1 200 OK"
2026-04-03 14:31:33,743 Ś httpx Ś INFO Ś HTTP Request: POST https://api.telegram.org/bot8733229815:AAFZEEL4GozXnCNfSXa3I0cD_wFkbtMPVgQ/getUpdates "HTTP/1.1 200 OK"
2026-04-03 14:31:44,303 Ś httpx Ś INFO Ś HTTP Request: POST https://api.telegram.org/bot8733229815:AAFZEEL4GozXnCNfSXa3I0cD_wFkbtMPVgQ/getUpdates "HTTP/1.1 200 OK"
2026-04-03 14:31:46,362 Ś httpx Ś INFO Ś HTTP Request: POST https://api.telegram.org/bot8733229815:AAFZEEL4GozXnCNfSXa3I0cD_wFkbtMPVgQ/getUpdates "HTTP/1.1 200 OK"
2026-04-03 14:31:47,122 Ś httpx Ś INFO Ś HTTP Request: POST https://api.telegram.org/bot8733229815:AAFZEEL4GozXnCNfSXa3I0cD_wFkbtMPVgQ/sendMessage "HTTP/1.1 200 OK"
2026-04-03 14:31:57,095 Ś httpx Ś INFO Ś HTTP Request: POST https://api.telegram.org/bot8733229815:AAFZEEL4GozXnCNfSXa3I0cD_wFkbtMPVgQ/getUpdates "HTTP/1.1 200 OK"
2026-04-03 14:32:02,128 Ś httpx Ś INFO Ś HTTP Request: POST https://api.telegram.org/bot8733229815:AAFZEEL4GozXnCNfSXa3I0cD_wFkbtMPVgQ/getUpdates "HTTP/1.1 200 OK"
2026-04-03 14:32:02,147 Ś apscheduler.scheduler Ś INFO Ś Added job "schedule_journey_check.<locals>.fire_alert" to job store "default"
2026-04-03 14:32:02,153 Ś scheduler Ś INFO Ś Timer set for 2026-04-03 14:33:02.138342 Ś user 7442012545
2026-04-03 14:32:03,363 Ś httpx Ś INFO Ś HTTP Request: POST https://api.telegram.org/bot8733229815:AAFZEEL4GozXnCNfSXa3I0cD_wFkbtMPVgQ/sendMessage "HTTP/1.1 200 OK"
2026-04-03 14:32:12,423 Ś httpx Ś INFO Ś HTTP Request: POST https://api.telegram.org/bot8733229815:AAFZEEL4GozXnCNfSXa3I0cD_wFkbtMPVgQ/getUpdates "HTTP/1.1 200 OK"
2026-04-03 14:32:22,871 Ś httpx Ś INFO Ś HTTP Request: POST https://api.telegram.org/bot8733229815:AAFZEEL4GozXnCNfSXa3I0cD_wFkbtMPVgQ/getUpdates "HTTP/1.1 200 OK"
2026-04-03 14:32:33,286 Ś httpx Ś INFO Ś HTTP Request: POST https://api.telegram.org/bot8733229815:AAFZEEL4GozXnCNfSXa3I0cD_wFkbtMPVgQ/getUpdates "HTTP/1.1 200 OK"
2026-04-03 14:32:43,898 Ś httpx Ś INFO Ś HTTP Request: POST https://api.telegram.org/bot8733229815:AAFZEEL4GozXnCNfSXa3I0cD_wFkbtMPVgQ/getUpdates "HTTP/1.1 200 OK"
2026-04-03 14:32:54,438 Ś httpx Ś INFO Ś HTTP Request: POST https://api.telegram.org/bot8733229815:AAFZEEL4GozXnCNfSXa3I0cD_wFkbtMPVgQ/getUpdates "HTTP/1.1 200 OK"
2026-04-03 14:33:02,148 Ś apscheduler.scheduler Ś INFO Ś Removed job journey_1
2026-04-03 14:33:02,148 Ś apscheduler.executors.default Ś INFO Ś Running job "schedule_journey_check.<locals>.fire_alert (trigger: date[2026-04-03 14:33:02 IST], next run at: 2026-04-03 14:33:02 IST)" (scheduled at 2026-04-03 14:33:02.138342+05:30)
2026-04-03 14:33:02,154 Ś scheduler Ś WARNING Ś Journey 1 expired for user 7442012545
2026-04-03 14:33:03,514 Ś httpx Ś INFO Ś HTTP Request: POST https://api.telegram.org/bot8733229815:AAFZEEL4GozXnCNfSXa3I0cD_wFkbtMPVgQ/sendMessage "HTTP/1.1 200 OK"
2026-04-03 14:33:03,517 Ś apscheduler.executors.default Ś INFO Ś Job "schedule_journey_check.<locals>.fire_alert (trigger: date[2026-04-03 14:33:02 IST], next run at: 2026-04-03 14:33:02 IST)" executed successfully
2026-04-03 14:33:04,741 Ś httpx Ś INFO Ś HTTP Request: POST https://api.telegram.org/bot8733229815:AAFZEEL4GozXnCNfSXa3I0cD_wFkbtMPVgQ/getUpdates "HTTP/1.1 200 OK"
2026-04-03 14:33:16,134 Ś httpx Ś INFO Ś HTTP Request: POST https://api.telegram.org/bot8733229815:AAFZEEL4GozXnCNfSXa3I0cD_wFkbtMPVgQ/getUpdates "HTTP/1.1 200 OK"
2026-04-03 14:33:26,489 Ś httpx Ś INFO Ś HTTP Request: POST https://api.telegram.org/bot8733229815:AAFZEEL4GozXnCNfSXa3I0cD_wFkbtMPVgQ/getUpdates "HTTP/1.1 200 OK"
2026-04-03 14:33:27,118 Ś httpx Ś INFO Ś HTTP Request: POST https://api.telegram.org/bot8733229815:AAFZEEL4GozXnCNfSXa3I0cD_wFkbtMPVgQ/getUpdates "HTTP/1.1 200 OK"
2026-04-03 14:33:28,954 Ś httpx Ś INFO Ś HTTP Request: POST https://api.telegram.org/bot8733229815:AAFZEEL4GozXnCNfSXa3I0cD_wFkbtMPVgQ/sendMessage "HTTP/1.1 200 OK"
2026-04-03 14:33:37,490 Ś httpx Ś INFO Ś HTTP Request: POST https://api.telegram.org/bot8733229815:AAFZEEL4GozXnCNfSXa3I0cD_wFkbtMPVgQ/getUpdates "HTTP/1.1 200 OK"
2026-04-03 14:35:57,416 Ś httpx Ś INFO Ś HTTP Request: POST https://api.telegram.org/bot8733229815:AAFZEEL4GozXnCNfSXa3I0cD_wFkbtMPVgQ/getUpdates "HTTP/1.1 200 OK"
2026-04-03 14:35:57,422 Ś telegram.ext.Updater Ś ERROR Ś Error while getting Updates: httpx.ConnectError: [Errno 11001] getaddrinfo failed
2026-04-03 14:35:57,426 Ś telegram.ext.Application Ś ERROR Ś No error handlers are registered, logging exception.
Traceback (most recent call last):
  File "C:\Users\ASHWANI MURYA\AppData\Roaming\Python\Python311\site-packages\httpx\_transports\default.py", line 66, in map_httpcore_exceptions
    yield
  File "C:\Users\ASHWANI MURYA\AppData\Roaming\Python\Python311\site-packages\httpx\_transports\default.py", line 366, in handle_async_request
    resp = await self._pool.handle_async_request(req)
           ^^^^^^^^^^^^^^^^^^^^^^^^^^^^^^^^^^^^^^^^^^
  File "C:\Users\ASHWANI MURYA\AppData\Roaming\Python\Python311\site-packages\httpcore\_async\connection_pool.py", line 256, in handle_async_request
    raise exc from None
  File "C:\Users\ASHWANI MURYA\AppData\Roaming\Python\Python311\site-packages\httpcore\_async\connection_pool.py", line 236, in handle_async_request
    response = await connection.handle_async_request(
               ^^^^^^^^^^^^^^^^^^^^^^^^^^^^^^^^^^^^^^
  File "C:\Users\ASHWANI MURYA\AppData\Roaming\Python\Python311\site-packages\httpcore\_async\connection.py", line 101, in handle_async_request
    raise exc
  File "C:\Users\ASHWANI MURYA\AppData\Roaming\Python\Python311\site-packages\httpcore\_async\connection.py", line 78, in handle_async_request
    stream = await self._connect(request)
             ^^^^^^^^^^^^^^^^^^^^^^^^^^^^
  File "C:\Users\ASHWANI MURYA\AppData\Roaming\Python\Python311\site-packages\httpcore\_async\connection.py", line 124, in _connect
    stream = await self._network_backend.connect_tcp(**kwargs)
             ^^^^^^^^^^^^^^^^^^^^^^^^^^^^^^^^^^^^^^^^^^^^^^^^^
  File "C:\Users\ASHWANI MURYA\AppData\Roaming\Python\Python311\site-packages\httpcore\_backends\auto.py", line 31, in connect_tcp
    return await self._backend.connect_tcp(
           ^^^^^^^^^^^^^^^^^^^^^^^^^^^^^^^^
  File "C:\Users\ASHWANI MURYA\AppData\Roaming\Python\Python311\site-packages\httpcore\_backends\anyio.py", line 113, in connect_tcp
    with map_exceptions(exc_map):
  File "C:\Program Files\Python311\Lib\contextlib.py", line 155, in __exit__
    self.gen.throw(typ, value, traceback)
  File "C:\Users\ASHWANI MURYA\AppData\Roaming\Python\Python311\site-packages\httpcore\_exceptions.py", line 14, in map_exceptions
    raise to_exc(exc) from exc
httpcore.ConnectError: [Errno 11001] getaddrinfo failed

The above exception was the direct cause of the following exception:

Traceback (most recent call last):
  File "C:\Users\ASHWANI MURYA\AppData\Roaming\Python\Python311\site-packages\telegram\request\_httpxrequest.py", line 219, in do_request
    res = await self._client.request(
          ^^^^^^^^^^^^^^^^^^^^^^^^^^^
  File "C:\Users\ASHWANI MURYA\AppData\Roaming\Python\Python311\site-packages\httpx\_client.py", line 1530, in request
    return await self.send(request, auth=auth, follow_redirects=follow_redirects)
           ^^^^^^^^^^^^^^^^^^^^^^^^^^^^^^^^^^^^^^^^^^^^^^^^^^^^^^^^^^^^^^^^^^^^^^
  File "C:\Users\ASHWANI MURYA\AppData\Roaming\Python\Python311\site-packages\httpx\_client.py", line 1617, in send
    response = await self._send_handling_auth(
               ^^^^^^^^^^^^^^^^^^^^^^^^^^^^^^^
  File "C:\Users\ASHWANI MURYA\AppData\Roaming\Python\Python311\site-packages\httpx\_client.py", line 1645, in _send_handling_auth
    response = await self._send_handling_redirects(
               ^^^^^^^^^^^^^^^^^^^^^^^^^^^^^^^^^^^^
  File "C:\Users\ASHWANI MURYA\AppData\Roaming\Python\Python311\site-packages\httpx\_client.py", line 1682, in _send_handling_redirects
    response = await self._send_single_request(request)
               ^^^^^^^^^^^^^^^^^^^^^^^^^^^^^^^^^^^^^^^^
  File "C:\Users\ASHWANI MURYA\AppData\Roaming\Python\Python311\site-packages\httpx\_client.py", line 1719, in _send_single_request
    response = await transport.handle_async_request(request)
               ^^^^^^^^^^^^^^^^^^^^^^^^^^^^^^^^^^^^^^^^^^^^^
  File "C:\Users\ASHWANI MURYA\AppData\Roaming\Python\Python311\site-packages\httpx\_transports\default.py", line 365, in handle_async_request
    with map_httpcore_exceptions():
  File "C:\Program Files\Python311\Lib\contextlib.py", line 155, in __exit__
    self.gen.throw(typ, value, traceback)
  File "C:\Users\ASHWANI MURYA\AppData\Roaming\Python\Python311\site-packages\httpx\_transports\default.py", line 83, in map_httpcore_exceptions
    raise mapped_exc(message) from exc
httpx.ConnectError: [Errno 11001] getaddrinfo failed

The above exception was the direct cause of the following exception:

Traceback (most recent call last):
  File "C:\Users\ASHWANI MURYA\AppData\Roaming\Python\Python311\site-packages\telegram\ext\_updater.py", line 640, in _network_loop_retry
    if not await action_cb():
           ^^^^^^^^^^^^^^^^^
  File "C:\Users\ASHWANI MURYA\AppData\Roaming\Python\Python311\site-packages\telegram\ext\_updater.py", line 345, in polling_action_cb
    raise exc
  File "C:\Users\ASHWANI MURYA\AppData\Roaming\Python\Python311\site-packages\telegram\ext\_updater.py", line 334, in polling_action_cb
    updates = await self.bot.get_updates(
              ^^^^^^^^^^^^^^^^^^^^^^^^^^^
  File "C:\Users\ASHWANI MURYA\AppData\Roaming\Python\Python311\site-packages\telegram\ext\_extbot.py", line 565, in get_updates
    updates = await super().get_updates(
              ^^^^^^^^^^^^^^^^^^^^^^^^^^
  File "C:\Users\ASHWANI MURYA\AppData\Roaming\Python\Python311\site-packages\telegram\_bot.py", line 519, in decorator
    result = await func(self, *args, **kwargs)  # skipcq: PYL-E1102
             ^^^^^^^^^^^^^^^^^^^^^^^^^^^^^^^^^
  File "C:\Users\ASHWANI MURYA\AppData\Roaming\Python\Python311\site-packages\telegram\_bot.py", line 3562, in get_updates
    await self._post(
  File "C:\Users\ASHWANI MURYA\AppData\Roaming\Python\Python311\site-packages\telegram\_bot.py", line 607, in _post
    return await self._do_post(
           ^^^^^^^^^^^^^^^^^^^^
  File "C:\Users\ASHWANI MURYA\AppData\Roaming\Python\Python311\site-packages\telegram\ext\_extbot.py", line 347, in _do_post
    return await super()._do_post(
           ^^^^^^^^^^^^^^^^^^^^^^^
  File "C:\Users\ASHWANI MURYA\AppData\Roaming\Python\Python311\site-packages\telegram\_bot.py", line 635, in _do_post
    return await request.post(
           ^^^^^^^^^^^^^^^^^^^
  File "C:\Users\ASHWANI MURYA\AppData\Roaming\Python\Python311\site-packages\telegram\request\_baserequest.py", line 168, in post
    result = await self._request_wrapper(
             ^^^^^^^^^^^^^^^^^^^^^^^^^^^^
  File "C:\Users\ASHWANI MURYA\AppData\Roaming\Python\Python311\site-packages\telegram\request\_baserequest.py", line 288, in _request_wrapper
    raise exc
  File "C:\Users\ASHWANI MURYA\AppData\Roaming\Python\Python311\site-packages\telegram\request\_baserequest.py", line 278, in _request_wrapper
    code, payload = await self.do_request(
                    ^^^^^^^^^^^^^^^^^^^^^^
  File "C:\Users\ASHWANI MURYA\AppData\Roaming\Python\Python311\site-packages\telegram\request\_httpxrequest.py", line 243, in do_request
    raise NetworkError(f"httpx.{err.__class__.__name__}: {err}") from err
telegram.error.NetworkError: httpx.ConnectError: [Errno 11001] getaddrinfo failed
2026-04-03 14:36:00,951 Ś httpx Ś INFO Ś HTTP Request: POST https://api.telegram.org/bot8733229815:AAFZEEL4GozXnCNfSXa3I0cD_wFkbtMPVgQ/getUpdates "HTTP/1.1 200 OK"
2026-04-03 14:36:01,866 Ś httpx Ś INFO Ś HTTP Request: POST https://api.telegram.org/bot8733229815:AAFZEEL4GozXnCNfSXa3I0cD_wFkbtMPVgQ/sendMessage "HTTP/1.1 200 OK"
2026-04-03 14:36:01,889 Ś apscheduler.scheduler Ś INFO Ś Added job "schedule_journey_check.<locals>.fire_alert" to job store "default"
2026-04-03 14:36:01,894 Ś scheduler Ś INFO Ś Timer set for 2026-04-03 14:37:01.880495 Ś user 7442012545
2026-04-03 14:36:02,300 Ś httpx Ś INFO Ś HTTP Request: POST https://api.telegram.org/bot8733229815:AAFZEEL4GozXnCNfSXa3I0cD_wFkbtMPVgQ/sendMessage "HTTP/1.1 200 OK"
2026-04-03 14:36:02,711 Ś httpx Ś INFO Ś HTTP Request: POST https://api.telegram.org/bot8733229815:AAFZEEL4GozXnCNfSXa3I0cD_wFkbtMPVgQ/sendMessage "HTTP/1.1 200 OK"
2026-04-03 14:36:11,460 Ś httpx Ś INFO Ś HTTP Request: POST https://api.telegram.org/bot8733229815:AAFZEEL4GozXnCNfSXa3I0cD_wFkbtMPVgQ/getUpdates "HTTP/1.1 200 OK"
2026-04-03 14:36:22,099 Ś httpx Ś INFO Ś HTTP Request: POST https://api.telegram.org/bot8733229815:AAFZEEL4GozXnCNfSXa3I0cD_wFkbtMPVgQ/getUpdates "HTTP/1.1 200 OK"
2026-04-03 14:36:26,117 Ś httpx Ś INFO Ś HTTP Request: POST https://api.telegram.org/bot8733229815:AAFZEEL4GozXnCNfSXa3I0cD_wFkbtMPVgQ/getUpdates "HTTP/1.1 200 OK"
2026-04-03 14:36:26,135 Ś apscheduler.scheduler Ś INFO Ś Removed job journey_2
2026-04-03 14:36:26,145 Ś scheduler Ś INFO Ś Cancelled job journey_2
2026-04-03 14:36:27,457 Ś httpx Ś INFO Ś HTTP Request: POST https://api.telegram.org/bot8733229815:AAFZEEL4GozXnCNfSXa3I0cD_wFkbtMPVgQ/sendMessage "HTTP/1.1 200 OK"
2026-04-03 14:36:36,005 Ś httpx Ś INFO Ś HTTP Request: POST https://api.telegram.org/bot8733229815:AAFZEEL4GozXnCNfSXa3I0cD_wFkbtMPVgQ/getUpdates "HTTP/1.1 200 OK"
2026-04-03 14:36:36,029 Ś apscheduler.scheduler Ś INFO Ś Added job "schedule_journey_check.<locals>.fire_alert" to job store "default"
2026-04-03 14:36:36,032 Ś scheduler Ś INFO Ś Timer set for 2026-04-03 14:37:36.017835 Ś user 7442012545
2026-04-03 14:36:37,488 Ś httpx Ś INFO Ś HTTP Request: POST https://api.telegram.org/bot8733229815:AAFZEEL4GozXnCNfSXa3I0cD_wFkbtMPVgQ/sendMessage "HTTP/1.1 200 OK"
2026-04-03 14:36:46,387 Ś httpx Ś INFO Ś HTTP Request: POST https://api.telegram.org/bot8733229815:AAFZEEL4GozXnCNfSXa3I0cD_wFkbtMPVgQ/getUpdates "HTTP/1.1 200 OK"
2026-04-03 14:36:56,725 Ś httpx Ś INFO Ś HTTP Request: POST https://api.telegram.org/bot8733229815:AAFZEEL4GozXnCNfSXa3I0cD_wFkbtMPVgQ/getUpdates "HTTP/1.1 200 OK"
2026-04-03 14:37:07,272 Ś httpx Ś INFO Ś HTTP Request: POST https://api.telegram.org/bot8733229815:AAFZEEL4GozXnCNfSXa3I0cD_wFkbtMPVgQ/getUpdates "HTTP/1.1 200 OK"
2026-04-03 14:37:17,557 Ś httpx Ś INFO Ś HTTP Request: POST https://api.telegram.org/bot8733229815:AAFZEEL4GozXnCNfSXa3I0cD_wFkbtMPVgQ/getUpdates "HTTP/1.1 200 OK"
2026-04-03 14:37:28,192 Ś httpx Ś INFO Ś HTTP Request: POST https://api.telegram.org/bot8733229815:AAFZEEL4GozXnCNfSXa3I0cD_wFkbtMPVgQ/getUpdates "HTTP/1.1 200 OK"
2026-04-03 14:37:36,034 Ś apscheduler.scheduler Ś INFO Ś Removed job journey_3
2026-04-03 14:37:36,034 Ś apscheduler.executors.default Ś INFO Ś Running job "schedule_journey_check.<locals>.fire_alert (trigger: date[2026-04-03 14:37:36 IST], next run at: 2026-04-03 14:37:36 IST)" (scheduled at 2026-04-03 14:37:36.017835+05:30)
2026-04-03 14:37:36,041 Ś scheduler Ś WARNING Ś Journey 3 expired for user 7442012545
2026-04-03 14:37:38,609 Ś httpx Ś INFO Ś HTTP Request: POST https://api.telegram.org/bot8733229815:AAFZEEL4GozXnCNfSXa3I0cD_wFkbtMPVgQ/sendMessage "HTTP/1.1 400 Bad Request"
2026-04-03 14:37:38,611 Ś alerts Ś ERROR Ś Failed to alert Ashwani: Chat not found
2026-04-03 14:37:38,611 Ś httpx Ś INFO Ś HTTP Request: POST https://api.telegram.org/bot8733229815:AAFZEEL4GozXnCNfSXa3I0cD_wFkbtMPVgQ/getUpdates "HTTP/1.1 200 OK"
2026-04-03 14:37:39,218 Ś httpx Ś INFO Ś HTTP Request: POST https://api.telegram.org/bot8733229815:AAFZEEL4GozXnCNfSXa3I0cD_wFkbtMPVgQ/sendMessage "HTTP/1.1 200 OK"
2026-04-03 14:37:39,223 Ś apscheduler.executors.default Ś INFO Ś Job "schedule_journey_check.<locals>.fire_alert (trigger: date[2026-04-03 14:37:36 IST], next run at: 2026-04-03 14:37:36 IST)" executed successfully
2026-04-03 14:37:49,057 Ś httpx Ś INFO Ś HTTP Request: POST https://api.telegram.org/bot8733229815:AAFZEEL4GozXnCNfSXa3I0cD_wFkbtMPVgQ/getUpdates "HTTP/1.1 200 OK"
2026-04-03 14:37:59,445 Ś httpx Ś INFO Ś HTTP Request: POST https://api.telegram.org/bot8733229815:AAFZEEL4GozXnCNfSXa3I0cD_wFkbtMPVgQ/getUpdates "HTTP/1.1 200 OK"
2026-04-03 14:38:09,847 Ś httpx Ś INFO Ś HTTP Request: POST https://api.telegram.org/bot8733229815:AAFZEEL4GozXnCNfSXa3I0cD_wFkbtMPVgQ/getUpdates "HTTP/1.1 200 OK"
2026-04-03 14:38:20,194 Ś httpx Ś INFO Ś HTTP Request: POST https://api.telegram.org/bot8733229815:AAFZEEL4GozXnCNfSXa3I0cD_wFkbtMPVgQ/getUpdates "HTTP/1.1 200 OK"
2026-04-03 14:38:30,632 Ś httpx Ś INFO Ś HTTP Request: POST https://api.telegram.org/bot8733229815:AAFZEEL4GozXnCNfSXa3I0cD_wFkbtMPVgQ/getUpdates "HTTP/1.1 200 OK"
2026-04-03 14:38:40,902 Ś httpx Ś INFO Ś HTTP Request: POST https://api.telegram.org/bot8733229815:AAFZEEL4GozXnCNfSXa3I0cD_wFkbtMPVgQ/getUpdates "HTTP/1.1 200 OK"
2026-04-03 14:38:51,210 Ś httpx Ś INFO Ś HTTP Request: POST https://api.telegram.org/bot8733229815:AAFZEEL4GozXnCNfSXa3I0cD_wFkbtMPVgQ/getUpdates "HTTP/1.1 200 OK"
2026-04-03 14:39:01,687 Ś httpx Ś INFO Ś HTTP Request: POST https://api.telegram.org/bot8733229815:AAFZEEL4GozXnCNfSXa3I0cD_wFkbtMPVgQ/getUpdates "HTTP/1.1 200 OK"
2026-04-03 14:40:50,536 Ś apscheduler.scheduler Ś INFO Ś Scheduler started
2026-04-03 14:40:51,786 Ś httpx Ś INFO Ś HTTP Request: POST https://api.telegram.org/bot8733229815:AAFZEEL4GozXnCNfSXa3I0cD_wFkbtMPVgQ/getMe "HTTP/1.1 200 OK"
2026-04-03 14:40:52,060 Ś httpx Ś INFO Ś HTTP Request: POST https://api.telegram.org/bot8733229815:AAFZEEL4GozXnCNfSXa3I0cD_wFkbtMPVgQ/deleteWebhook "HTTP/1.1 200 OK"
2026-04-03 14:40:52,062 Ś telegram.ext.Application Ś INFO Ś Application started
2026-04-03 14:40:55,248 Ś httpx Ś INFO Ś HTTP Request: POST https://api.telegram.org/bot8733229815:AAFZEEL4GozXnCNfSXa3I0cD_wFkbtMPVgQ/getUpdates "HTTP/1.1 200 OK"
2026-04-03 14:40:56,066 Ś httpx Ś INFO Ś HTTP Request: POST https://api.telegram.org/bot8733229815:AAFZEEL4GozXnCNfSXa3I0cD_wFkbtMPVgQ/sendMessage "HTTP/1.1 200 OK"
2026-04-03 14:41:05,780 Ś httpx Ś INFO Ś HTTP Request: POST https://api.telegram.org/bot8733229815:AAFZEEL4GozXnCNfSXa3I0cD_wFkbtMPVgQ/getUpdates "HTTP/1.1 200 OK"
2026-04-03 14:41:16,129 Ś httpx Ś INFO Ś HTTP Request: POST https://api.telegram.org/bot8733229815:AAFZEEL4GozXnCNfSXa3I0cD_wFkbtMPVgQ/getUpdates "HTTP/1.1 200 OK"
2026-04-03 14:41:18,161 Ś httpx Ś INFO Ś HTTP Request: POST https://api.telegram.org/bot8733229815:AAFZEEL4GozXnCNfSXa3I0cD_wFkbtMPVgQ/getUpdates "HTTP/1.1 200 OK"
2026-04-03 14:41:18,190 Ś apscheduler.scheduler Ś INFO Ś Added job "schedule_journey_check.<locals>.fire_alert" to job store "default"
2026-04-03 14:41:18,192 Ś scheduler Ś INFO Ś Timer set for 2026-04-03 14:42:18.168357 Ś user 7442012545
2026-04-03 14:41:19,900 Ś httpx Ś INFO Ś HTTP Request: POST https://api.telegram.org/bot8733229815:AAFZEEL4GozXnCNfSXa3I0cD_wFkbtMPVgQ/sendMessage "HTTP/1.1 200 OK"
2026-04-03 14:41:28,374 Ś httpx Ś INFO Ś HTTP Request: POST https://api.telegram.org/bot8733229815:AAFZEEL4GozXnCNfSXa3I0cD_wFkbtMPVgQ/getUpdates "HTTP/1.1 200 OK"
2026-04-03 14:41:38,245 Ś httpx Ś INFO Ś HTTP Request: POST https://api.telegram.org/bot8733229815:AAFZEEL4GozXnCNfSXa3I0cD_wFkbtMPVgQ/getUpdates "HTTP/1.1 200 OK"
2026-04-03 14:41:48,569 Ś httpx Ś INFO Ś HTTP Request: POST https://api.telegram.org/bot8733229815:AAFZEEL4GozXnCNfSXa3I0cD_wFkbtMPVgQ/getUpdates "HTTP/1.1 200 OK"
2026-04-03 14:41:58,928 Ś httpx Ś INFO Ś HTTP Request: POST https://api.telegram.org/bot8733229815:AAFZEEL4GozXnCNfSXa3I0cD_wFkbtMPVgQ/getUpdates "HTTP/1.1 200 OK"
2026-04-03 14:42:09,615 Ś httpx Ś INFO Ś HTTP Request: POST https://api.telegram.org/bot8733229815:AAFZEEL4GozXnCNfSXa3I0cD_wFkbtMPVgQ/getUpdates "HTTP/1.1 200 OK"
2026-04-03 14:42:18,191 Ś apscheduler.scheduler Ś INFO Ś Removed job journey_4
2026-04-03 14:42:18,191 Ś apscheduler.executors.default Ś INFO Ś Running job "schedule_journey_check.<locals>.fire_alert (trigger: date[2026-04-03 14:42:18 IST], next run at: 2026-04-03 14:42:18 IST)" (scheduled at 2026-04-03 14:42:18.168357+05:30)
2026-04-03 14:42:18,197 Ś scheduler Ś WARNING Ś Journey 4 expired for user 7442012545
2026-04-03 14:42:19,963 Ś httpx Ś INFO Ś HTTP Request: POST https://api.telegram.org/bot8733229815:AAFZEEL4GozXnCNfSXa3I0cD_wFkbtMPVgQ/sendMessage "HTTP/1.1 400 Bad Request"
2026-04-03 14:42:19,963 Ś httpx Ś INFO Ś HTTP Request: POST https://api.telegram.org/bot8733229815:AAFZEEL4GozXnCNfSXa3I0cD_wFkbtMPVgQ/getUpdates "HTTP/1.1 200 OK"
2026-04-03 14:42:19,963 Ś alerts Ś ERROR Ś Failed to alert Ashwani: Chat not found
2026-04-03 14:42:20,534 Ś httpx Ś INFO Ś HTTP Request: POST https://api.telegram.org/bot8733229815:AAFZEEL4GozXnCNfSXa3I0cD_wFkbtMPVgQ/sendMessage "HTTP/1.1 200 OK"
2026-04-03 14:42:20,538 Ś apscheduler.executors.default Ś INFO Ś Job "schedule_journey_check.<locals>.fire_alert (trigger: date[2026-04-03 14:42:18 IST], next run at: 2026-04-03 14:42:18 IST)" executed successfully
2026-04-03 14:42:30,399 Ś httpx Ś INFO Ś HTTP Request: POST https://api.telegram.org/bot8733229815:AAFZEEL4GozXnCNfSXa3I0cD_wFkbtMPVgQ/getUpdates "HTTP/1.1 200 OK"
2026-04-03 14:42:40,736 Ś httpx Ś INFO Ś HTTP Request: POST https://api.telegram.org/bot8733229815:AAFZEEL4GozXnCNfSXa3I0cD_wFkbtMPVgQ/getUpdates "HTTP/1.1 200 OK"
2026-04-03 14:42:51,043 Ś httpx Ś INFO Ś HTTP Request: POST https://api.telegram.org/bot8733229815:AAFZEEL4GozXnCNfSXa3I0cD_wFkbtMPVgQ/getUpdates "HTTP/1.1 200 OK"
2026-04-03 14:43:01,325 Ś httpx Ś INFO Ś HTTP Request: POST https://api.telegram.org/bot8733229815:AAFZEEL4GozXnCNfSXa3I0cD_wFkbtMPVgQ/getUpdates "HTTP/1.1 200 OK"
2026-04-03 14:43:11,701 Ś httpx Ś INFO Ś HTTP Request: POST https://api.telegram.org/bot8733229815:AAFZEEL4GozXnCNfSXa3I0cD_wFkbtMPVgQ/getUpdates "HTTP/1.1 200 OK"
2026-04-03 14:43:22,403 Ś httpx Ś INFO Ś HTTP Request: POST https://api.telegram.org/bot8733229815:AAFZEEL4GozXnCNfSXa3I0cD_wFkbtMPVgQ/getUpdates "HTTP/1.1 200 OK"
2026-04-03 14:47:45,782 Ś apscheduler.scheduler Ś INFO Ś Scheduler started
2026-04-03 14:47:46,464 Ś httpx Ś INFO Ś HTTP Request: POST https://api.telegram.org/bot8733229815:AAFZEEL4GozXnCNfSXa3I0cD_wFkbtMPVgQ/getMe "HTTP/1.1 200 OK"
2026-04-03 14:47:46,645 Ś httpx Ś INFO Ś HTTP Request: POST https://api.telegram.org/bot8733229815:AAFZEEL4GozXnCNfSXa3I0cD_wFkbtMPVgQ/deleteWebhook "HTTP/1.1 200 OK"
2026-04-03 14:47:46,646 Ś telegram.ext.Application Ś INFO Ś Application started
2026-04-03 14:47:47,270 Ś httpx Ś INFO Ś HTTP Request: POST https://api.telegram.org/bot8733229815:AAFZEEL4GozXnCNfSXa3I0cD_wFkbtMPVgQ/getUpdates "HTTP/1.1 200 OK"
2026-04-03 14:47:47,917 Ś httpx Ś INFO Ś HTTP Request: POST https://api.telegram.org/bot8733229815:AAFZEEL4GozXnCNfSXa3I0cD_wFkbtMPVgQ/sendMessage "HTTP/1.1 403 Forbidden"
2026-04-03 14:47:47,917 Ś telegram.ext.Application Ś ERROR Ś No error handlers are registered, logging exception.
Traceback (most recent call last):
  File "C:\Users\ASHWANI MURYA\AppData\Roaming\Python\Python311\site-packages\telegram\ext\_application.py", line 1195, in process_update
    await coroutine
  File "C:\Users\ASHWANI MURYA\AppData\Roaming\Python\Python311\site-packages\telegram\ext\_basehandler.py", line 153, in handle_update
    return await self.callback(update, context)
           ^^^^^^^^^^^^^^^^^^^^^^^^^^^^^^^^^^^^
  File "d:\safearrival-bot\handlers.py", line 19, in start
    await update.message.reply_text(
  File "C:\Users\ASHWANI MURYA\AppData\Roaming\Python\Python311\site-packages\telegram\_message.py", line 1095, in reply_text
    return await self.get_bot().send_message(
           ^^^^^^^^^^^^^^^^^^^^^^^^^^^^^^^^^^
  File "C:\Users\ASHWANI MURYA\AppData\Roaming\Python\Python311\site-packages\telegram\ext\_extbot.py", line 2631, in send_message
    return await super().send_message(
           ^^^^^^^^^^^^^^^^^^^^^^^^^^^
  File "C:\Users\ASHWANI MURYA\AppData\Roaming\Python\Python311\site-packages\telegram\_bot.py", line 519, in decorator
    result = await func(self, *args, **kwargs)  # skipcq: PYL-E1102
             ^^^^^^^^^^^^^^^^^^^^^^^^^^^^^^^^^
  File "C:\Users\ASHWANI MURYA\AppData\Roaming\Python\Python311\site-packages\telegram\_bot.py", line 840, in send_message
    return await self._send_message(
           ^^^^^^^^^^^^^^^^^^^^^^^^^
  File "C:\Users\ASHWANI MURYA\AppData\Roaming\Python\Python311\site-packages\telegram\ext\_extbot.py", line 529, in _send_message
    result = await super()._send_message(
             ^^^^^^^^^^^^^^^^^^^^^^^^^^^^
  File "C:\Users\ASHWANI MURYA\AppData\Roaming\Python\Python311\site-packages\telegram\_bot.py", line 697, in _send_message
    result = await self._post(
             ^^^^^^^^^^^^^^^^^
  File "C:\Users\ASHWANI MURYA\AppData\Roaming\Python\Python311\site-packages\telegram\_bot.py", line 607, in _post
    return await self._do_post(
           ^^^^^^^^^^^^^^^^^^^^
  File "C:\Users\ASHWANI MURYA\AppData\Roaming\Python\Python311\site-packages\telegram\ext\_extbot.py", line 347, in _do_post
    return await super()._do_post(
           ^^^^^^^^^^^^^^^^^^^^^^^
  File "C:\Users\ASHWANI MURYA\AppData\Roaming\Python\Python311\site-packages\telegram\_bot.py", line 635, in _do_post
    return await request.post(
           ^^^^^^^^^^^^^^^^^^^
  File "C:\Users\ASHWANI MURYA\AppData\Roaming\Python\Python311\site-packages\telegram\request\_baserequest.py", line 168, in post
    result = await self._request_wrapper(
             ^^^^^^^^^^^^^^^^^^^^^^^^^^^^
  File "C:\Users\ASHWANI MURYA\AppData\Roaming\Python\Python311\site-packages\telegram\request\_baserequest.py", line 316, in _request_wrapper
    raise Forbidden(message)
telegram.error.Forbidden: Forbidden: bot was blocked by the user
2026-04-03 14:47:57,713 Ś httpx Ś INFO Ś HTTP Request: POST https://api.telegram.org/bot8733229815:AAFZEEL4GozXnCNfSXa3I0cD_wFkbtMPVgQ/getUpdates "HTTP/1.1 200 OK"
2026-04-03 14:48:08,089 Ś httpx Ś INFO Ś HTTP Request: POST https://api.telegram.org/bot8733229815:AAFZEEL4GozXnCNfSXa3I0cD_wFkbtMPVgQ/getUpdates "HTTP/1.1 200 OK"
2026-04-03 14:48:12,536 Ś httpx Ś INFO Ś HTTP Request: POST https://api.telegram.org/bot8733229815:AAFZEEL4GozXnCNfSXa3I0cD_wFkbtMPVgQ/getUpdates "HTTP/1.1 200 OK"
2026-04-03 14:48:13,913 Ś httpx Ś INFO Ś HTTP Request: POST https://api.telegram.org/bot8733229815:AAFZEEL4GozXnCNfSXa3I0cD_wFkbtMPVgQ/sendMessage "HTTP/1.1 200 OK"
2026-04-03 14:48:23,040 Ś httpx Ś INFO Ś HTTP Request: POST https://api.telegram.org/bot8733229815:AAFZEEL4GozXnCNfSXa3I0cD_wFkbtMPVgQ/getUpdates "HTTP/1.1 200 OK"
2026-04-03 14:48:33,376 Ś httpx Ś INFO Ś HTTP Request: POST https://api.telegram.org/bot8733229815:AAFZEEL4GozXnCNfSXa3I0cD_wFkbtMPVgQ/getUpdates "HTTP/1.1 200 OK"
2026-04-03 14:48:39,561 Ś httpx Ś INFO Ś HTTP Request: POST https://api.telegram.org/bot8733229815:AAFZEEL4GozXnCNfSXa3I0cD_wFkbtMPVgQ/getUpdates "HTTP/1.1 200 OK"
2026-04-03 14:48:39,578 Ś apscheduler.scheduler Ś INFO Ś Added job "schedule_journey_check.<locals>.fire_alert" to job store "default"
2026-04-03 14:48:39,579 Ś scheduler Ś INFO Ś Timer set for 2026-04-03 14:49:39.561195 Ś user 7442012545
2026-04-03 14:48:40,965 Ś httpx Ś INFO Ś HTTP Request: POST https://api.telegram.org/bot8733229815:AAFZEEL4GozXnCNfSXa3I0cD_wFkbtMPVgQ/sendMessage "HTTP/1.1 200 OK"
2026-04-03 14:48:50,168 Ś httpx Ś INFO Ś HTTP Request: POST https://api.telegram.org/bot8733229815:AAFZEEL4GozXnCNfSXa3I0cD_wFkbtMPVgQ/getUpdates "HTTP/1.1 200 OK"
2026-04-03 14:49:00,612 Ś httpx Ś INFO Ś HTTP Request: POST https://api.telegram.org/bot8733229815:AAFZEEL4GozXnCNfSXa3I0cD_wFkbtMPVgQ/getUpdates "HTTP/1.1 200 OK"
2026-04-03 14:49:11,269 Ś httpx Ś INFO Ś HTTP Request: POST https://api.telegram.org/bot8733229815:AAFZEEL4GozXnCNfSXa3I0cD_wFkbtMPVgQ/getUpdates "HTTP/1.1 200 OK"
2026-04-03 14:49:21,546 Ś httpx Ś INFO Ś HTTP Request: POST https://api.telegram.org/bot8733229815:AAFZEEL4GozXnCNfSXa3I0cD_wFkbtMPVgQ/getUpdates "HTTP/1.1 200 OK"
2026-04-03 14:49:31,828 Ś httpx Ś INFO Ś HTTP Request: POST https://api.telegram.org/bot8733229815:AAFZEEL4GozXnCNfSXa3I0cD_wFkbtMPVgQ/getUpdates "HTTP/1.1 200 OK"
2026-04-03 14:49:39,575 Ś apscheduler.scheduler Ś INFO Ś Removed job journey_5
2026-04-03 14:49:39,577 Ś apscheduler.executors.default Ś INFO Ś Running job "schedule_journey_check.<locals>.fire_alert (trigger: date[2026-04-03 14:49:39 IST], next run at: 2026-04-03 14:49:39 IST)" (scheduled at 2026-04-03 14:49:39.561195+05:30)
2026-04-03 14:49:39,582 Ś scheduler Ś WARNING Ś Journey 5 expired for user 7442012545
2026-04-03 14:49:41,679 Ś httpx Ś INFO Ś HTTP Request: POST https://api.telegram.org/bot8733229815:AAFZEEL4GozXnCNfSXa3I0cD_wFkbtMPVgQ/sendMessage "HTTP/1.1 400 Bad Request"
2026-04-03 14:49:41,679 Ś alerts Ś ERROR Ś Failed to alert Ashwani: Chat not found
2026-04-03 14:49:42,292 Ś httpx Ś INFO Ś HTTP Request: POST https://api.telegram.org/bot8733229815:AAFZEEL4GozXnCNfSXa3I0cD_wFkbtMPVgQ/getUpdates "HTTP/1.1 200 OK"
2026-04-03 14:49:42,296 Ś httpx Ś INFO Ś HTTP Request: POST https://api.telegram.org/bot8733229815:AAFZEEL4GozXnCNfSXa3I0cD_wFkbtMPVgQ/sendMessage "HTTP/1.1 200 OK"
2026-04-03 14:49:42,297 Ś apscheduler.executors.default Ś INFO Ś Job "schedule_journey_check.<locals>.fire_alert (trigger: date[2026-04-03 14:49:39 IST], next run at: 2026-04-03 14:49:39 IST)" executed successfully
2026-04-03 14:49:52,935 Ś httpx Ś INFO Ś HTTP Request: POST https://api.telegram.org/bot8733229815:AAFZEEL4GozXnCNfSXa3I0cD_wFkbtMPVgQ/getUpdates "HTTP/1.1 200 OK"
2026-04-03 14:50:03,498 Ś httpx Ś INFO Ś HTTP Request: POST https://api.telegram.org/bot8733229815:AAFZEEL4GozXnCNfSXa3I0cD_wFkbtMPVgQ/getUpdates "HTTP/1.1 200 OK"
2026-04-03 14:50:13,947 Ś httpx Ś INFO Ś HTTP Request: POST https://api.telegram.org/bot8733229815:AAFZEEL4GozXnCNfSXa3I0cD_wFkbtMPVgQ/getUpdates "HTTP/1.1 200 OK"
2026-04-03 14:50:24,483 Ś httpx Ś INFO Ś HTTP Request: POST https://api.telegram.org/bot8733229815:AAFZEEL4GozXnCNfSXa3I0cD_wFkbtMPVgQ/getUpdates "HTTP/1.1 200 OK"
2026-04-03 14:50:34,840 Ś httpx Ś INFO Ś HTTP Request: POST https://api.telegram.org/bot8733229815:AAFZEEL4GozXnCNfSXa3I0cD_wFkbtMPVgQ/getUpdates "HTTP/1.1 200 OK"
2026-04-03 14:50:45,068 Ś httpx Ś INFO Ś HTTP Request: POST https://api.telegram.org/bot8733229815:AAFZEEL4GozXnCNfSXa3I0cD_wFkbtMPVgQ/getUpdates "HTTP/1.1 200 OK"
2026-04-03 14:50:46,207 Ś httpx Ś INFO Ś HTTP Request: POST https://api.telegram.org/bot8733229815:AAFZEEL4GozXnCNfSXa3I0cD_wFkbtMPVgQ/sendMessage "HTTP/1.1 200 OK"
2026-04-03 14:50:55,713 Ś httpx Ś INFO Ś HTTP Request: POST https://api.telegram.org/bot8733229815:AAFZEEL4GozXnCNfSXa3I0cD_wFkbtMPVgQ/getUpdates "HTTP/1.1 200 OK"
2026-04-03 14:50:56,053 Ś httpx Ś INFO Ś HTTP Request: POST https://api.telegram.org/bot8733229815:AAFZEEL4GozXnCNfSXa3I0cD_wFkbtMPVgQ/getUpdates "HTTP/1.1 200 OK"
2026-04-03 14:50:56,071 Ś apscheduler.scheduler Ś INFO Ś Added job "schedule_journey_check.<locals>.fire_alert" to job store "default"
2026-04-03 14:50:56,076 Ś scheduler Ś INFO Ś Timer set for 2026-04-03 14:51:56.064005 Ś user 7442012545
2026-04-03 14:50:57,664 Ś httpx Ś INFO Ś HTTP Request: POST https://api.telegram.org/bot8733229815:AAFZEEL4GozXnCNfSXa3I0cD_wFkbtMPVgQ/sendMessage "HTTP/1.1 200 OK"
2026-04-03 14:51:06,785 Ś httpx Ś INFO Ś HTTP Request: POST https://api.telegram.org/bot8733229815:AAFZEEL4GozXnCNfSXa3I0cD_wFkbtMPVgQ/getUpdates "HTTP/1.1 200 OK"
2026-04-03 14:51:17,118 Ś httpx Ś INFO Ś HTTP Request: POST https://api.telegram.org/bot8733229815:AAFZEEL4GozXnCNfSXa3I0cD_wFkbtMPVgQ/getUpdates "HTTP/1.1 200 OK"
2026-04-03 14:51:27,459 Ś httpx Ś INFO Ś HTTP Request: POST https://api.telegram.org/bot8733229815:AAFZEEL4GozXnCNfSXa3I0cD_wFkbtMPVgQ/getUpdates "HTTP/1.1 200 OK"
2026-04-03 14:51:37,904 Ś httpx Ś INFO Ś HTTP Request: POST https://api.telegram.org/bot8733229815:AAFZEEL4GozXnCNfSXa3I0cD_wFkbtMPVgQ/getUpdates "HTTP/1.1 200 OK"
2026-04-03 14:51:48,181 Ś httpx Ś INFO Ś HTTP Request: POST https://api.telegram.org/bot8733229815:AAFZEEL4GozXnCNfSXa3I0cD_wFkbtMPVgQ/getUpdates "HTTP/1.1 200 OK"
2026-04-03 14:51:53,575 Ś httpx Ś INFO Ś HTTP Request: POST https://api.telegram.org/bot8733229815:AAFZEEL4GozXnCNfSXa3I0cD_wFkbtMPVgQ/getUpdates "HTTP/1.1 200 OK"
2026-04-03 14:51:54,897 Ś httpx Ś INFO Ś HTTP Request: POST https://api.telegram.org/bot8733229815:AAFZEEL4GozXnCNfSXa3I0cD_wFkbtMPVgQ/sendMessage "HTTP/1.1 200 OK"
2026-04-03 14:51:56,072 Ś apscheduler.scheduler Ś INFO Ś Removed job journey_6
2026-04-03 14:51:56,072 Ś apscheduler.executors.default Ś INFO Ś Running job "schedule_journey_check.<locals>.fire_alert (trigger: date[2026-04-03 14:51:56 IST], next run at: 2026-04-03 14:51:56 IST)" (scheduled at 2026-04-03 14:51:56.064005+05:30)
2026-04-03 14:51:56,078 Ś scheduler Ś WARNING Ś Journey 6 expired for user 7442012545
2026-04-03 14:51:56,954 Ś httpx Ś INFO Ś HTTP Request: POST https://api.telegram.org/bot8733229815:AAFZEEL4GozXnCNfSXa3I0cD_wFkbtMPVgQ/sendMessage "HTTP/1.1 400 Bad Request"
2026-04-03 14:51:56,957 Ś alerts Ś ERROR Ś Failed to alert Ashwani: Chat not found
2026-04-03 14:51:58,225 Ś httpx Ś INFO Ś HTTP Request: POST https://api.telegram.org/bot8733229815:AAFZEEL4GozXnCNfSXa3I0cD_wFkbtMPVgQ/sendMessage "HTTP/1.1 400 Bad Request"
2026-04-03 14:51:58,227 Ś alerts Ś ERROR Ś Failed to alert Ayush: Chat not found
2026-04-03 14:51:58,956 Ś httpx Ś INFO Ś HTTP Request: POST https://api.telegram.org/bot8733229815:AAFZEEL4GozXnCNfSXa3I0cD_wFkbtMPVgQ/sendMessage "HTTP/1.1 200 OK"
2026-04-03 14:51:58,961 Ś apscheduler.executors.default Ś INFO Ś Job "schedule_journey_check.<locals>.fire_alert (trigger: date[2026-04-03 14:51:56 IST], next run at: 2026-04-03 14:51:56 IST)" executed successfully
2026-04-03 14:52:04,000 Ś httpx Ś INFO Ś HTTP Request: POST https://api.telegram.org/bot8733229815:AAFZEEL4GozXnCNfSXa3I0cD_wFkbtMPVgQ/getUpdates "HTTP/1.1 200 OK"
2026-04-03 14:52:14,429 Ś httpx Ś INFO Ś HTTP Request: POST https://api.telegram.org/bot8733229815:AAFZEEL4GozXnCNfSXa3I0cD_wFkbtMPVgQ/getUpdates "HTTP/1.1 200 OK"
2026-04-03 14:52:24,809 Ś httpx Ś INFO Ś HTTP Request: POST https://api.telegram.org/bot8733229815:AAFZEEL4GozXnCNfSXa3I0cD_wFkbtMPVgQ/getUpdates "HTTP/1.1 200 OK"
2026-04-03 14:52:35,098 Ś httpx Ś INFO Ś HTTP Request: POST https://api.telegram.org/bot8733229815:AAFZEEL4GozXnCNfSXa3I0cD_wFkbtMPVgQ/getUpdates "HTTP/1.1 200 OK"
2026-04-03 14:52:45,389 Ś httpx Ś INFO Ś HTTP Request: POST https://api.telegram.org/bot8733229815:AAFZEEL4GozXnCNfSXa3I0cD_wFkbtMPVgQ/getUpdates "HTTP/1.1 200 OK"
2026-04-03 14:52:55,668 Ś httpx Ś INFO Ś HTTP Request: POST https://api.telegram.org/bot8733229815:AAFZEEL4GozXnCNfSXa3I0cD_wFkbtMPVgQ/getUpdates "HTTP/1.1 200 OK"
2026-04-03 14:53:05,932 Ś httpx Ś INFO Ś HTTP Request: POST https://api.telegram.org/bot8733229815:AAFZEEL4GozXnCNfSXa3I0cD_wFkbtMPVgQ/getUpdates "HTTP/1.1 200 OK"
2026-04-03 14:53:16,415 Ś httpx Ś INFO Ś HTTP Request: POST https://api.telegram.org/bot8733229815:AAFZEEL4GozXnCNfSXa3I0cD_wFkbtMPVgQ/getUpdates "HTTP/1.1 200 OK"
2026-04-03 14:53:48,709 Ś apscheduler.scheduler Ś INFO Ś Scheduler started
2026-04-03 14:53:49,716 Ś httpx Ś INFO Ś HTTP Request: POST https://api.telegram.org/bot8733229815:AAFZEEL4GozXnCNfSXa3I0cD_wFkbtMPVgQ/getMe "HTTP/1.1 200 OK"
2026-04-03 14:53:50,004 Ś httpx Ś INFO Ś HTTP Request: POST https://api.telegram.org/bot8733229815:AAFZEEL4GozXnCNfSXa3I0cD_wFkbtMPVgQ/deleteWebhook "HTTP/1.1 200 OK"
2026-04-03 14:53:50,006 Ś telegram.ext.Application Ś INFO Ś Application started
2026-04-03 14:54:00,869 Ś httpx Ś INFO Ś HTTP Request: POST https://api.telegram.org/bot8733229815:AAFZEEL4GozXnCNfSXa3I0cD_wFkbtMPVgQ/getUpdates "HTTP/1.1 200 OK"
2026-04-03 14:54:03,827 Ś httpx Ś INFO Ś HTTP Request: POST https://api.telegram.org/bot8733229815:AAFZEEL4GozXnCNfSXa3I0cD_wFkbtMPVgQ/getUpdates "HTTP/1.1 200 OK"
2026-04-03 14:54:05,038 Ś httpx Ś INFO Ś HTTP Request: POST https://api.telegram.org/bot8733229815:AAFZEEL4GozXnCNfSXa3I0cD_wFkbtMPVgQ/sendMessage "HTTP/1.1 200 OK"
2026-04-03 14:54:14,381 Ś httpx Ś INFO Ś HTTP Request: POST https://api.telegram.org/bot8733229815:AAFZEEL4GozXnCNfSXa3I0cD_wFkbtMPVgQ/getUpdates "HTTP/1.1 200 OK"
2026-04-03 14:54:24,642 Ś httpx Ś INFO Ś HTTP Request: POST https://api.telegram.org/bot8733229815:AAFZEEL4GozXnCNfSXa3I0cD_wFkbtMPVgQ/getUpdates "HTTP/1.1 200 OK"
2026-04-03 14:54:34,908 Ś httpx Ś INFO Ś HTTP Request: POST https://api.telegram.org/bot8733229815:AAFZEEL4GozXnCNfSXa3I0cD_wFkbtMPVgQ/getUpdates "HTTP/1.1 200 OK"
2026-04-03 14:54:37,620 Ś httpx Ś INFO Ś HTTP Request: POST https://api.telegram.org/bot8733229815:AAFZEEL4GozXnCNfSXa3I0cD_wFkbtMPVgQ/getUpdates "HTTP/1.1 200 OK"
2026-04-03 14:54:38,690 Ś httpx Ś INFO Ś HTTP Request: POST https://api.telegram.org/bot8733229815:AAFZEEL4GozXnCNfSXa3I0cD_wFkbtMPVgQ/sendMessage "HTTP/1.1 200 OK"
2026-04-03 14:54:45,882 Ś httpx Ś INFO Ś HTTP Request: POST https://api.telegram.org/bot8733229815:AAFZEEL4GozXnCNfSXa3I0cD_wFkbtMPVgQ/getUpdates "HTTP/1.1 200 OK"
2026-04-03 14:54:45,917 Ś apscheduler.scheduler Ś INFO Ś Added job "schedule_journey_check.<locals>.fire_alert" to job store "default"
2026-04-03 14:54:45,919 Ś scheduler Ś INFO Ś Timer set for 2026-04-03 14:55:45.896506 Ś user 7442012545
2026-04-03 14:54:47,049 Ś httpx Ś INFO Ś HTTP Request: POST https://api.telegram.org/bot8733229815:AAFZEEL4GozXnCNfSXa3I0cD_wFkbtMPVgQ/sendMessage "HTTP/1.1 200 OK"
2026-04-03 14:54:56,571 Ś httpx Ś INFO Ś HTTP Request: POST https://api.telegram.org/bot8733229815:AAFZEEL4GozXnCNfSXa3I0cD_wFkbtMPVgQ/getUpdates "HTTP/1.1 200 OK"
2026-04-03 14:55:06,879 Ś httpx Ś INFO Ś HTTP Request: POST https://api.telegram.org/bot8733229815:AAFZEEL4GozXnCNfSXa3I0cD_wFkbtMPVgQ/getUpdates "HTTP/1.1 200 OK"
2026-04-03 14:55:17,261 Ś httpx Ś INFO Ś HTTP Request: POST https://api.telegram.org/bot8733229815:AAFZEEL4GozXnCNfSXa3I0cD_wFkbtMPVgQ/getUpdates "HTTP/1.1 200 OK"
2026-04-03 14:55:27,904 Ś httpx Ś INFO Ś HTTP Request: POST https://api.telegram.org/bot8733229815:AAFZEEL4GozXnCNfSXa3I0cD_wFkbtMPVgQ/getUpdates "HTTP/1.1 200 OK"
2026-04-03 14:55:38,103 Ś httpx Ś INFO Ś HTTP Request: POST https://api.telegram.org/bot8733229815:AAFZEEL4GozXnCNfSXa3I0cD_wFkbtMPVgQ/getUpdates "HTTP/1.1 200 OK"
2026-04-03 14:55:45,906 Ś apscheduler.scheduler Ś INFO Ś Removed job journey_7
2026-04-03 14:55:45,906 Ś apscheduler.executors.default Ś INFO Ś Running job "schedule_journey_check.<locals>.fire_alert (trigger: date[2026-04-03 14:55:45 IST], next run at: 2026-04-03 14:55:45 IST)" (scheduled at 2026-04-03 14:55:45.896506+05:30)
2026-04-03 14:55:45,914 Ś scheduler Ś WARNING Ś Journey 7 expired for user 7442012545
2026-04-03 14:55:47,371 Ś httpx Ś INFO Ś HTTP Request: POST https://api.telegram.org/bot8733229815:AAFZEEL4GozXnCNfSXa3I0cD_wFkbtMPVgQ/sendMessage "HTTP/1.1 400 Bad Request"
2026-04-03 14:55:47,373 Ś alerts Ś ERROR Ś Failed to alert Ashwani: Chat not found
2026-04-03 14:55:48,283 Ś httpx Ś INFO Ś HTTP Request: POST https://api.telegram.org/bot8733229815:AAFZEEL4GozXnCNfSXa3I0cD_wFkbtMPVgQ/sendMessage "HTTP/1.1 400 Bad Request"
2026-04-03 14:55:48,287 Ś alerts Ś ERROR Ś Failed to alert Ayush: Chat not found
2026-04-03 14:55:48,512 Ś httpx Ś INFO Ś HTTP Request: POST https://api.telegram.org/bot8733229815:AAFZEEL4GozXnCNfSXa3I0cD_wFkbtMPVgQ/getUpdates "HTTP/1.1 200 OK"
2026-04-03 14:55:49,177 Ś httpx Ś INFO Ś HTTP Request: POST https://api.telegram.org/bot8733229815:AAFZEEL4GozXnCNfSXa3I0cD_wFkbtMPVgQ/sendMessage "HTTP/1.1 400 Bad Request"
2026-04-03 14:55:49,177 Ś alerts Ś ERROR Ś Failed to alert Ayush: Chat not found
2026-04-03 14:55:49,915 Ś httpx Ś INFO Ś HTTP Request: POST https://api.telegram.org/bot8733229815:AAFZEEL4GozXnCNfSXa3I0cD_wFkbtMPVgQ/sendMessage "HTTP/1.1 200 OK"
2026-04-03 14:55:49,917 Ś apscheduler.executors.default Ś INFO Ś Job "schedule_journey_check.<locals>.fire_alert (trigger: date[2026-04-03 14:55:45 IST], next run at: 2026-04-03 14:55:45 IST)" executed successfully
2026-04-03 14:55:59,143 Ś httpx Ś INFO Ś HTTP Request: POST https://api.telegram.org/bot8733229815:AAFZEEL4GozXnCNfSXa3I0cD_wFkbtMPVgQ/getUpdates "HTTP/1.1 200 OK"
2026-04-03 14:56:09,480 Ś httpx Ś INFO Ś HTTP Request: POST https://api.telegram.org/bot8733229815:AAFZEEL4GozXnCNfSXa3I0cD_wFkbtMPVgQ/getUpdates "HTTP/1.1 200 OK"
2026-04-03 14:56:20,139 Ś httpx Ś INFO Ś HTTP Request: POST https://api.telegram.org/bot8733229815:AAFZEEL4GozXnCNfSXa3I0cD_wFkbtMPVgQ/getUpdates "HTTP/1.1 200 OK"
2026-04-03 14:56:30,510 Ś httpx Ś INFO Ś HTTP Request: POST https://api.telegram.org/bot8733229815:AAFZEEL4GozXnCNfSXa3I0cD_wFkbtMPVgQ/getUpdates "HTTP/1.1 200 OK"
2026-04-03 14:56:40,832 Ś httpx Ś INFO Ś HTTP Request: POST https://api.telegram.org/bot8733229815:AAFZEEL4GozXnCNfSXa3I0cD_wFkbtMPVgQ/getUpdates "HTTP/1.1 200 OK"
2026-04-03 14:56:51,260 Ś httpx Ś INFO Ś HTTP Request: POST https://api.telegram.org/bot8733229815:AAFZEEL4GozXnCNfSXa3I0cD_wFkbtMPVgQ/getUpdates "HTTP/1.1 200 OK"
2026-04-03 14:57:01,501 Ś httpx Ś INFO Ś HTTP Request: POST https://api.telegram.org/bot8733229815:AAFZEEL4GozXnCNfSXa3I0cD_wFkbtMPVgQ/getUpdates "HTTP/1.1 200 OK"
2026-04-03 14:57:11,955 Ś httpx Ś INFO Ś HTTP Request: POST https://api.telegram.org/bot8733229815:AAFZEEL4GozXnCNfSXa3I0cD_wFkbtMPVgQ/getUpdates "HTTP/1.1 200 OK"
2026-04-03 14:57:22,397 Ś httpx Ś INFO Ś HTTP Request: POST https://api.telegram.org/bot8733229815:AAFZEEL4GozXnCNfSXa3I0cD_wFkbtMPVgQ/getUpdates "HTTP/1.1 200 OK"
2026-04-03 14:57:32,946 Ś httpx Ś INFO Ś HTTP Request: POST https://api.telegram.org/bot8733229815:AAFZEEL4GozXnCNfSXa3I0cD_wFkbtMPVgQ/getUpdates "HTTP/1.1 200 OK"
2026-04-03 14:57:43,458 Ś httpx Ś INFO Ś HTTP Request: POST https://api.telegram.org/bot8733229815:AAFZEEL4GozXnCNfSXa3I0cD_wFkbtMPVgQ/getUpdates "HTTP/1.1 200 OK"
2026-04-03 14:57:53,816 Ś httpx Ś INFO Ś HTTP Request: POST https://api.telegram.org/bot8733229815:AAFZEEL4GozXnCNfSXa3I0cD_wFkbtMPVgQ/getUpdates "HTTP/1.1 200 OK"
2026-04-03 14:58:04,132 Ś httpx Ś INFO Ś HTTP Request: POST https://api.telegram.org/bot8733229815:AAFZEEL4GozXnCNfSXa3I0cD_wFkbtMPVgQ/getUpdates "HTTP/1.1 200 OK"
2026-04-03 14:58:14,429 Ś httpx Ś INFO Ś HTTP Request: POST https://api.telegram.org/bot8733229815:AAFZEEL4GozXnCNfSXa3I0cD_wFkbtMPVgQ/getUpdates "HTTP/1.1 200 OK"
2026-04-03 14:58:24,758 Ś httpx Ś INFO Ś HTTP Request: POST https://api.telegram.org/bot8733229815:AAFZEEL4GozXnCNfSXa3I0cD_wFkbtMPVgQ/getUpdates "HTTP/1.1 200 OK"
2026-04-03 14:58:35,202 Ś httpx Ś INFO Ś HTTP Request: POST https://api.telegram.org/bot8733229815:AAFZEEL4GozXnCNfSXa3I0cD_wFkbtMPVgQ/getUpdates "HTTP/1.1 200 OK"
2026-04-03 14:58:45,844 Ś httpx Ś INFO Ś HTTP Request: POST https://api.telegram.org/bot8733229815:AAFZEEL4GozXnCNfSXa3I0cD_wFkbtMPVgQ/getUpdates "HTTP/1.1 200 OK"
2026-04-03 14:58:56,191 Ś httpx Ś INFO Ś HTTP Request: POST https://api.telegram.org/bot8733229815:AAFZEEL4GozXnCNfSXa3I0cD_wFkbtMPVgQ/getUpdates "HTTP/1.1 200 OK"
2026-04-03 14:59:06,556 Ś httpx Ś INFO Ś HTTP Request: POST https://api.telegram.org/bot8733229815:AAFZEEL4GozXnCNfSXa3I0cD_wFkbtMPVgQ/getUpdates "HTTP/1.1 200 OK"
2026-04-03 14:59:16,981 Ś httpx Ś INFO Ś HTTP Request: POST https://api.telegram.org/bot8733229815:AAFZEEL4GozXnCNfSXa3I0cD_wFkbtMPVgQ/getUpdates "HTTP/1.1 200 OK"
2026-04-03 14:59:27,422 Ś httpx Ś INFO Ś HTTP Request: POST https://api.telegram.org/bot8733229815:AAFZEEL4GozXnCNfSXa3I0cD_wFkbtMPVgQ/getUpdates "HTTP/1.1 200 OK"
2026-04-03 14:59:37,877 Ś httpx Ś INFO Ś HTTP Request: POST https://api.telegram.org/bot8733229815:AAFZEEL4GozXnCNfSXa3I0cD_wFkbtMPVgQ/getUpdates "HTTP/1.1 200 OK"
2026-04-03 14:59:48,617 Ś httpx Ś INFO Ś HTTP Request: POST https://api.telegram.org/bot8733229815:AAFZEEL4GozXnCNfSXa3I0cD_wFkbtMPVgQ/getUpdates "HTTP/1.1 200 OK"
2026-04-03 14:59:58,864 Ś httpx Ś INFO Ś HTTP Request: POST https://api.telegram.org/bot8733229815:AAFZEEL4GozXnCNfSXa3I0cD_wFkbtMPVgQ/getUpdates "HTTP/1.1 200 OK"
2026-04-03 15:00:09,412 Ś httpx Ś INFO Ś HTTP Request: POST https://api.telegram.org/bot8733229815:AAFZEEL4GozXnCNfSXa3I0cD_wFkbtMPVgQ/getUpdates "HTTP/1.1 200 OK"
2026-04-03 15:00:19,790 Ś httpx Ś INFO Ś HTTP Request: POST https://api.telegram.org/bot8733229815:AAFZEEL4GozXnCNfSXa3I0cD_wFkbtMPVgQ/getUpdates "HTTP/1.1 200 OK"
2026-04-03 15:00:30,098 Ś httpx Ś INFO Ś HTTP Request: POST https://api.telegram.org/bot8733229815:AAFZEEL4GozXnCNfSXa3I0cD_wFkbtMPVgQ/getUpdates "HTTP/1.1 200 OK"
2026-04-03 15:00:40,448 Ś httpx Ś INFO Ś HTTP Request: POST https://api.telegram.org/bot8733229815:AAFZEEL4GozXnCNfSXa3I0cD_wFkbtMPVgQ/getUpdates "HTTP/1.1 200 OK"
2026-04-03 15:00:50,673 Ś httpx Ś INFO Ś HTTP Request: POST https://api.telegram.org/bot8733229815:AAFZEEL4GozXnCNfSXa3I0cD_wFkbtMPVgQ/getUpdates "HTTP/1.1 200 OK"
2026-04-03 15:01:00,960 Ś httpx Ś INFO Ś HTTP Request: POST https://api.telegram.org/bot8733229815:AAFZEEL4GozXnCNfSXa3I0cD_wFkbtMPVgQ/getUpdates "HTTP/1.1 200 OK"
2026-04-03 15:01:11,812 Ś httpx Ś INFO Ś HTTP Request: POST https://api.telegram.org/bot8733229815:AAFZEEL4GozXnCNfSXa3I0cD_wFkbtMPVgQ/getUpdates "HTTP/1.1 200 OK"
2026-04-03 15:01:12,308 Ś httpx Ś INFO Ś HTTP Request: POST https://api.telegram.org/bot8733229815:AAFZEEL4GozXnCNfSXa3I0cD_wFkbtMPVgQ/getUpdates "HTTP/1.1 200 OK"
2026-04-03 15:01:13,723 Ś httpx Ś INFO Ś HTTP Request: POST https://api.telegram.org/bot8733229815:AAFZEEL4GozXnCNfSXa3I0cD_wFkbtMPVgQ/sendMessage "HTTP/1.1 200 OK"
2026-04-03 15:01:22,732 Ś httpx Ś INFO Ś HTTP Request: POST https://api.telegram.org/bot8733229815:AAFZEEL4GozXnCNfSXa3I0cD_wFkbtMPVgQ/getUpdates "HTTP/1.1 200 OK"
2026-04-03 15:01:33,173 Ś httpx Ś INFO Ś HTTP Request: POST https://api.telegram.org/bot8733229815:AAFZEEL4GozXnCNfSXa3I0cD_wFkbtMPVgQ/getUpdates "HTTP/1.1 200 OK"
2026-04-03 15:01:43,404 Ś httpx Ś INFO Ś HTTP Request: POST https://api.telegram.org/bot8733229815:AAFZEEL4GozXnCNfSXa3I0cD_wFkbtMPVgQ/getUpdates "HTTP/1.1 200 OK"
2026-04-03 15:01:46,186 Ś httpx Ś INFO Ś HTTP Request: POST https://api.telegram.org/bot8733229815:AAFZEEL4GozXnCNfSXa3I0cD_wFkbtMPVgQ/getUpdates "HTTP/1.1 200 OK"
2026-04-03 15:01:47,920 Ś httpx Ś INFO Ś HTTP Request: POST https://api.telegram.org/bot8733229815:AAFZEEL4GozXnCNfSXa3I0cD_wFkbtMPVgQ/sendMessage "HTTP/1.1 200 OK"
2026-04-03 15:01:55,705 Ś httpx Ś INFO Ś HTTP Request: POST https://api.telegram.org/bot8733229815:AAFZEEL4GozXnCNfSXa3I0cD_wFkbtMPVgQ/getUpdates "HTTP/1.1 200 OK"
2026-04-03 15:01:55,758 Ś apscheduler.scheduler Ś INFO Ś Added job "schedule_journey_check.<locals>.fire_alert" to job store "default"
2026-04-03 15:01:55,758 Ś scheduler Ś INFO Ś Timer set for 2026-04-03 15:02:55.726010 Ś user 7442012545
2026-04-03 15:01:56,828 Ś httpx Ś INFO Ś HTTP Request: POST https://api.telegram.org/bot8733229815:AAFZEEL4GozXnCNfSXa3I0cD_wFkbtMPVgQ/sendMessage "HTTP/1.1 200 OK"
2026-04-03 15:02:06,446 Ś httpx Ś INFO Ś HTTP Request: POST https://api.telegram.org/bot8733229815:AAFZEEL4GozXnCNfSXa3I0cD_wFkbtMPVgQ/getUpdates "HTTP/1.1 200 OK"
2026-04-03 15:02:17,004 Ś httpx Ś INFO Ś HTTP Request: POST https://api.telegram.org/bot8733229815:AAFZEEL4GozXnCNfSXa3I0cD_wFkbtMPVgQ/getUpdates "HTTP/1.1 200 OK"
2026-04-03 15:02:27,357 Ś httpx Ś INFO Ś HTTP Request: POST https://api.telegram.org/bot8733229815:AAFZEEL4GozXnCNfSXa3I0cD_wFkbtMPVgQ/getUpdates "HTTP/1.1 200 OK"
2026-04-03 15:02:38,094 Ś httpx Ś INFO Ś HTTP Request: POST https://api.telegram.org/bot8733229815:AAFZEEL4GozXnCNfSXa3I0cD_wFkbtMPVgQ/getUpdates "HTTP/1.1 200 OK"
2026-04-03 15:02:48,541 Ś httpx Ś INFO Ś HTTP Request: POST https://api.telegram.org/bot8733229815:AAFZEEL4GozXnCNfSXa3I0cD_wFkbtMPVgQ/getUpdates "HTTP/1.1 200 OK"
2026-04-03 15:02:55,729 Ś apscheduler.scheduler Ś INFO Ś Removed job journey_8
2026-04-03 15:02:55,731 Ś apscheduler.executors.default Ś INFO Ś Running job "schedule_journey_check.<locals>.fire_alert (trigger: date[2026-04-03 15:02:55 IST], next run at: 2026-04-03 15:02:55 IST)" (scheduled at 2026-04-03 15:02:55.726010+05:30)
2026-04-03 15:02:55,739 Ś scheduler Ś WARNING Ś Journey 8 expired for user 7442012545
2026-04-03 15:02:58,173 Ś httpx Ś INFO Ś HTTP Request: POST https://api.telegram.org/bot8733229815:AAFZEEL4GozXnCNfSXa3I0cD_wFkbtMPVgQ/sendMessage "HTTP/1.1 400 Bad Request"
2026-04-03 15:02:58,175 Ś alerts Ś ERROR Ś Failed to alert Ashwani: Chat not found
2026-04-03 15:02:58,759 Ś httpx Ś INFO Ś HTTP Request: POST https://api.telegram.org/bot8733229815:AAFZEEL4GozXnCNfSXa3I0cD_wFkbtMPVgQ/getUpdates "HTTP/1.1 200 OK"
2026-04-03 15:02:59,050 Ś httpx Ś INFO Ś HTTP Request: POST https://api.telegram.org/bot8733229815:AAFZEEL4GozXnCNfSXa3I0cD_wFkbtMPVgQ/sendMessage "HTTP/1.1 400 Bad Request"
2026-04-03 15:02:59,050 Ś alerts Ś ERROR Ś Failed to alert Ayush: Chat not found
2026-04-03 15:02:59,826 Ś httpx Ś INFO Ś HTTP Request: POST https://api.telegram.org/bot8733229815:AAFZEEL4GozXnCNfSXa3I0cD_wFkbtMPVgQ/sendMessage "HTTP/1.1 400 Bad Request"
2026-04-03 15:02:59,828 Ś alerts Ś ERROR Ś Failed to alert Ayush: Chat not found
2026-04-03 15:03:00,176 Ś httpx Ś INFO Ś HTTP Request: POST https://api.telegram.org/bot8733229815:AAFZEEL4GozXnCNfSXa3I0cD_wFkbtMPVgQ/sendMessage "HTTP/1.1 403 Forbidden"
2026-04-03 15:03:00,178 Ś alerts Ś ERROR Ś Failed to alert Ash: Forbidden: bot was blocked by the user
2026-04-03 15:03:00,567 Ś httpx Ś INFO Ś HTTP Request: POST https://api.telegram.org/bot8733229815:AAFZEEL4GozXnCNfSXa3I0cD_wFkbtMPVgQ/sendMessage "HTTP/1.1 200 OK"
2026-04-03 15:03:00,569 Ś apscheduler.executors.default Ś INFO Ś Job "schedule_journey_check.<locals>.fire_alert (trigger: date[2026-04-03 15:02:55 IST], next run at: 2026-04-03 15:02:55 IST)" executed successfully
2026-04-03 15:03:09,531 Ś httpx Ś INFO Ś HTTP Request: POST https://api.telegram.org/bot8733229815:AAFZEEL4GozXnCNfSXa3I0cD_wFkbtMPVgQ/getUpdates "HTTP/1.1 200 OK"
2026-04-03 15:03:19,890 Ś httpx Ś INFO Ś HTTP Request: POST https://api.telegram.org/bot8733229815:AAFZEEL4GozXnCNfSXa3I0cD_wFkbtMPVgQ/getUpdates "HTTP/1.1 200 OK"
2026-04-03 15:03:30,527 Ś httpx Ś INFO Ś HTTP Request: POST https://api.telegram.org/bot8733229815:AAFZEEL4GozXnCNfSXa3I0cD_wFkbtMPVgQ/getUpdates "HTTP/1.1 200 OK"
2026-04-03 15:03:40,805 Ś httpx Ś INFO Ś HTTP Request: POST https://api.telegram.org/bot8733229815:AAFZEEL4GozXnCNfSXa3I0cD_wFkbtMPVgQ/getUpdates "HTTP/1.1 200 OK"
2026-04-03 15:03:51,148 Ś httpx Ś INFO Ś HTTP Request: POST https://api.telegram.org/bot8733229815:AAFZEEL4GozXnCNfSXa3I0cD_wFkbtMPVgQ/getUpdates "HTTP/1.1 200 OK"
2026-04-03 15:23:39,862 Ś apscheduler.scheduler Ś INFO Ś Scheduler started
2026-04-03 15:23:41,345 Ś httpx Ś INFO Ś HTTP Request: POST https://api.telegram.org/bot8733229815:AAFZEEL4GozXnCNfSXa3I0cD_wFkbtMPVgQ/getMe "HTTP/1.1 200 OK"
2026-04-03 15:23:41,653 Ś httpx Ś INFO Ś HTTP Request: POST https://api.telegram.org/bot8733229815:AAFZEEL4GozXnCNfSXa3I0cD_wFkbtMPVgQ/deleteWebhook "HTTP/1.1 200 OK"
2026-04-03 15:23:41,655 Ś telegram.ext.Application Ś INFO Ś Application started
2026-04-03 15:23:52,607 Ś httpx Ś INFO Ś HTTP Request: POST https://api.telegram.org/bot8733229815:AAFZEEL4GozXnCNfSXa3I0cD_wFkbtMPVgQ/getUpdates "HTTP/1.1 200 OK"
2026-04-03 15:24:02,890 Ś httpx Ś INFO Ś HTTP Request: POST https://api.telegram.org/bot8733229815:AAFZEEL4GozXnCNfSXa3I0cD_wFkbtMPVgQ/getUpdates "HTTP/1.1 200 OK"
2026-04-03 15:24:13,192 Ś httpx Ś INFO Ś HTTP Request: POST https://api.telegram.org/bot8733229815:AAFZEEL4GozXnCNfSXa3I0cD_wFkbtMPVgQ/getUpdates "HTTP/1.1 200 OK"
2026-04-03 15:24:20,255 Ś httpx Ś INFO Ś HTTP Request: POST https://api.telegram.org/bot8733229815:AAFZEEL4GozXnCNfSXa3I0cD_wFkbtMPVgQ/getUpdates "HTTP/1.1 200 OK"
2026-04-03 15:24:21,116 Ś httpx Ś INFO Ś HTTP Request: POST https://api.telegram.org/bot8733229815:AAFZEEL4GozXnCNfSXa3I0cD_wFkbtMPVgQ/sendMessage "HTTP/1.1 200 OK"
2026-04-03 15:24:30,803 Ś httpx Ś INFO Ś HTTP Request: POST https://api.telegram.org/bot8733229815:AAFZEEL4GozXnCNfSXa3I0cD_wFkbtMPVgQ/getUpdates "HTTP/1.1 200 OK"
2026-04-03 15:24:40,741 Ś httpx Ś INFO Ś HTTP Request: POST https://api.telegram.org/bot8733229815:AAFZEEL4GozXnCNfSXa3I0cD_wFkbtMPVgQ/getUpdates "HTTP/1.1 200 OK"
2026-04-03 15:24:42,270 Ś httpx Ś INFO Ś HTTP Request: POST https://api.telegram.org/bot8733229815:AAFZEEL4GozXnCNfSXa3I0cD_wFkbtMPVgQ/sendMessage "HTTP/1.1 200 OK"
2026-04-03 15:24:51,102 Ś httpx Ś INFO Ś HTTP Request: POST https://api.telegram.org/bot8733229815:AAFZEEL4GozXnCNfSXa3I0cD_wFkbtMPVgQ/getUpdates "HTTP/1.1 200 OK"
2026-04-03 15:25:01,540 Ś httpx Ś INFO Ś HTTP Request: POST https://api.telegram.org/bot8733229815:AAFZEEL4GozXnCNfSXa3I0cD_wFkbtMPVgQ/getUpdates "HTTP/1.1 200 OK"
2026-04-03 15:25:03,438 Ś httpx Ś INFO Ś HTTP Request: POST https://api.telegram.org/bot8733229815:AAFZEEL4GozXnCNfSXa3I0cD_wFkbtMPVgQ/getUpdates "HTTP/1.1 200 OK"
2026-04-03 15:25:03,472 Ś apscheduler.scheduler Ś INFO Ś Added job "schedule_journey_check.<locals>.fire_alert" to job store "default"
2026-04-03 15:25:03,480 Ś scheduler Ś INFO Ś Timer set for 2026-04-03 15:26:03.448647 Ś user 7442012545
2026-04-03 15:25:05,053 Ś httpx Ś INFO Ś HTTP Request: POST https://api.telegram.org/bot8733229815:AAFZEEL4GozXnCNfSXa3I0cD_wFkbtMPVgQ/sendMessage "HTTP/1.1 200 OK"
2026-04-03 15:25:13,739 Ś httpx Ś INFO Ś HTTP Request: POST https://api.telegram.org/bot8733229815:AAFZEEL4GozXnCNfSXa3I0cD_wFkbtMPVgQ/getUpdates "HTTP/1.1 200 OK"
2026-04-03 15:25:14,222 Ś httpx Ś INFO Ś HTTP Request: POST https://api.telegram.org/bot8733229815:AAFZEEL4GozXnCNfSXa3I0cD_wFkbtMPVgQ/getUpdates "HTTP/1.1 200 OK"
2026-04-03 15:25:14,516 Ś httpx Ś INFO Ś HTTP Request: POST https://api.telegram.org/bot8733229815:AAFZEEL4GozXnCNfSXa3I0cD_wFkbtMPVgQ/getUpdates "HTTP/1.1 200 OK"
2026-04-03 15:25:15,962 Ś httpx Ś INFO Ś HTTP Request: POST https://api.telegram.org/bot8733229815:AAFZEEL4GozXnCNfSXa3I0cD_wFkbtMPVgQ/sendMessage "HTTP/1.1 200 OK"
2026-04-03 15:25:24,979 Ś httpx Ś INFO Ś HTTP Request: POST https://api.telegram.org/bot8733229815:AAFZEEL4GozXnCNfSXa3I0cD_wFkbtMPVgQ/getUpdates "HTTP/1.1 200 OK"
2026-04-03 15:25:35,828 Ś httpx Ś INFO Ś HTTP Request: POST https://api.telegram.org/bot8733229815:AAFZEEL4GozXnCNfSXa3I0cD_wFkbtMPVgQ/getUpdates "HTTP/1.1 200 OK"
2026-04-03 15:25:46,032 Ś httpx Ś INFO Ś HTTP Request: POST https://api.telegram.org/bot8733229815:AAFZEEL4GozXnCNfSXa3I0cD_wFkbtMPVgQ/getUpdates "HTTP/1.1 200 OK"
2026-04-03 15:25:56,232 Ś httpx Ś INFO Ś HTTP Request: POST https://api.telegram.org/bot8733229815:AAFZEEL4GozXnCNfSXa3I0cD_wFkbtMPVgQ/getUpdates "HTTP/1.1 200 OK"
2026-04-03 15:26:03,452 Ś apscheduler.scheduler Ś INFO Ś Removed job journey_9
2026-04-03 15:26:03,452 Ś apscheduler.executors.default Ś INFO Ś Running job "schedule_journey_check.<locals>.fire_alert (trigger: date[2026-04-03 15:26:03 IST], next run at: 2026-04-03 15:26:03 IST)" (scheduled at 2026-04-03 15:26:03.448647+05:30)
2026-04-03 15:26:03,455 Ś scheduler Ś WARNING Ś Journey 9 expired for user 7442012545
2026-04-03 15:26:04,925 Ś httpx Ś INFO Ś HTTP Request: POST https://api.telegram.org/bot8733229815:AAFZEEL4GozXnCNfSXa3I0cD_wFkbtMPVgQ/sendMessage "HTTP/1.1 400 Bad Request"
2026-04-03 15:26:04,925 Ś alerts Ś ERROR Ś Failed to alert Ashwani: Chat not found
2026-04-03 15:26:05,773 Ś httpx Ś INFO Ś HTTP Request: POST https://api.telegram.org/bot8733229815:AAFZEEL4GozXnCNfSXa3I0cD_wFkbtMPVgQ/sendMessage "HTTP/1.1 400 Bad Request"
2026-04-03 15:26:05,773 Ś alerts Ś ERROR Ś Failed to alert Ayush: Chat not found
2026-04-03 15:26:06,756 Ś httpx Ś INFO Ś HTTP Request: POST https://api.telegram.org/bot8733229815:AAFZEEL4GozXnCNfSXa3I0cD_wFkbtMPVgQ/getUpdates "HTTP/1.1 200 OK"
2026-04-03 15:26:06,758 Ś httpx Ś INFO Ś HTTP Request: POST https://api.telegram.org/bot8733229815:AAFZEEL4GozXnCNfSXa3I0cD_wFkbtMPVgQ/sendMessage "HTTP/1.1 400 Bad Request"
2026-04-03 15:26:06,760 Ś alerts Ś ERROR Ś Failed to alert Ayush: Chat not found
2026-04-03 15:26:07,333 Ś httpx Ś INFO Ś HTTP Request: POST https://api.telegram.org/bot8733229815:AAFZEEL4GozXnCNfSXa3I0cD_wFkbtMPVgQ/sendMessage "HTTP/1.1 200 OK"
2026-04-03 15:26:07,786 Ś httpx Ś INFO Ś HTTP Request: POST https://api.telegram.org/bot8733229815:AAFZEEL4GozXnCNfSXa3I0cD_wFkbtMPVgQ/sendMessage "HTTP/1.1 200 OK"
2026-04-03 15:26:07,788 Ś apscheduler.executors.default Ś INFO Ś Job "schedule_journey_check.<locals>.fire_alert (trigger: date[2026-04-03 15:26:03 IST], next run at: 2026-04-03 15:26:03 IST)" executed successfully
2026-04-03 15:26:17,024 Ś httpx Ś INFO Ś HTTP Request: POST https://api.telegram.org/bot8733229815:AAFZEEL4GozXnCNfSXa3I0cD_wFkbtMPVgQ/getUpdates "HTTP/1.1 200 OK"
2026-04-03 15:26:27,339 Ś httpx Ś INFO Ś HTTP Request: POST https://api.telegram.org/bot8733229815:AAFZEEL4GozXnCNfSXa3I0cD_wFkbtMPVgQ/getUpdates "HTTP/1.1 200 OK"
2026-04-03 15:26:37,639 Ś httpx Ś INFO Ś HTTP Request: POST https://api.telegram.org/bot8733229815:AAFZEEL4GozXnCNfSXa3I0cD_wFkbtMPVgQ/getUpdates "HTTP/1.1 200 OK"
2026-04-03 15:26:48,025 Ś httpx Ś INFO Ś HTTP Request: POST https://api.telegram.org/bot8733229815:AAFZEEL4GozXnCNfSXa3I0cD_wFkbtMPVgQ/getUpdates "HTTP/1.1 200 OK"
2026-04-03 15:26:58,210 Ś httpx Ś INFO Ś HTTP Request: POST https://api.telegram.org/bot8733229815:AAFZEEL4GozXnCNfSXa3I0cD_wFkbtMPVgQ/getUpdates "HTTP/1.1 200 OK"
2026-04-03 15:27:08,407 Ś httpx Ś INFO Ś HTTP Request: POST https://api.telegram.org/bot8733229815:AAFZEEL4GozXnCNfSXa3I0cD_wFkbtMPVgQ/getUpdates "HTTP/1.1 200 OK"
2026-04-03 15:27:09,385 Ś httpx Ś INFO Ś HTTP Request: POST https://api.telegram.org/bot8733229815:AAFZEEL4GozXnCNfSXa3I0cD_wFkbtMPVgQ/getUpdates "HTTP/1.1 200 OK"
2026-04-03 15:27:10,122 Ś httpx Ś INFO Ś HTTP Request: POST https://api.telegram.org/bot8733229815:AAFZEEL4GozXnCNfSXa3I0cD_wFkbtMPVgQ/sendMessage "HTTP/1.1 200 OK"
2026-04-03 15:27:13,346 Ś httpx Ś INFO Ś HTTP Request: POST https://api.telegram.org/bot8733229815:AAFZEEL4GozXnCNfSXa3I0cD_wFkbtMPVgQ/getUpdates "HTTP/1.1 200 OK"
2026-04-03 15:27:13,700 Ś httpx Ś INFO Ś HTTP Request: POST https://api.telegram.org/bot8733229815:AAFZEEL4GozXnCNfSXa3I0cD_wFkbtMPVgQ/answerCallbackQuery "HTTP/1.1 200 OK"
2026-04-03 15:27:14,096 Ś httpx Ś INFO Ś HTTP Request: POST https://api.telegram.org/bot8733229815:AAFZEEL4GozXnCNfSXa3I0cD_wFkbtMPVgQ/editMessageText "HTTP/1.1 200 OK"
2026-04-03 15:27:15,616 Ś httpx Ś INFO Ś HTTP Request: POST https://api.telegram.org/bot8733229815:AAFZEEL4GozXnCNfSXa3I0cD_wFkbtMPVgQ/getUpdates "HTTP/1.1 200 OK"
2026-04-03 15:27:15,965 Ś httpx Ś INFO Ś HTTP Request: POST https://api.telegram.org/bot8733229815:AAFZEEL4GozXnCNfSXa3I0cD_wFkbtMPVgQ/answerCallbackQuery "HTTP/1.1 200 OK"
2026-04-03 15:27:16,327 Ś httpx Ś INFO Ś HTTP Request: POST https://api.telegram.org/bot8733229815:AAFZEEL4GozXnCNfSXa3I0cD_wFkbtMPVgQ/editMessageText "HTTP/1.1 200 OK"
2026-04-03 15:27:20,696 Ś httpx Ś INFO Ś HTTP Request: POST https://api.telegram.org/bot8733229815:AAFZEEL4GozXnCNfSXa3I0cD_wFkbtMPVgQ/getUpdates "HTTP/1.1 200 OK"
2026-04-03 15:27:21,052 Ś httpx Ś INFO Ś HTTP Request: POST https://api.telegram.org/bot8733229815:AAFZEEL4GozXnCNfSXa3I0cD_wFkbtMPVgQ/answerCallbackQuery "HTTP/1.1 200 OK"
2026-04-03 15:27:21,429 Ś httpx Ś INFO Ś HTTP Request: POST https://api.telegram.org/bot8733229815:AAFZEEL4GozXnCNfSXa3I0cD_wFkbtMPVgQ/editMessageText "HTTP/1.1 200 OK"
2026-04-03 15:27:24,011 Ś httpx Ś INFO Ś HTTP Request: POST https://api.telegram.org/bot8733229815:AAFZEEL4GozXnCNfSXa3I0cD_wFkbtMPVgQ/getUpdates "HTTP/1.1 200 OK"
2026-04-03 15:27:24,368 Ś httpx Ś INFO Ś HTTP Request: POST https://api.telegram.org/bot8733229815:AAFZEEL4GozXnCNfSXa3I0cD_wFkbtMPVgQ/answerCallbackQuery "HTTP/1.1 200 OK"
2026-04-03 15:27:24,726 Ś httpx Ś INFO Ś HTTP Request: POST https://api.telegram.org/bot8733229815:AAFZEEL4GozXnCNfSXa3I0cD_wFkbtMPVgQ/editMessageText "HTTP/1.1 200 OK"
2026-04-03 15:27:34,255 Ś httpx Ś INFO Ś HTTP Request: POST https://api.telegram.org/bot8733229815:AAFZEEL4GozXnCNfSXa3I0cD_wFkbtMPVgQ/getUpdates "HTTP/1.1 200 OK"
2026-04-03 15:27:37,415 Ś httpx Ś INFO Ś HTTP Request: POST https://api.telegram.org/bot8733229815:AAFZEEL4GozXnCNfSXa3I0cD_wFkbtMPVgQ/getUpdates "HTTP/1.1 200 OK"
2026-04-03 15:27:38,223 Ś httpx Ś INFO Ś HTTP Request: POST https://api.telegram.org/bot8733229815:AAFZEEL4GozXnCNfSXa3I0cD_wFkbtMPVgQ/sendMessage "HTTP/1.1 200 OK"
2026-04-03 15:27:47,607 Ś httpx Ś INFO Ś HTTP Request: POST https://api.telegram.org/bot8733229815:AAFZEEL4GozXnCNfSXa3I0cD_wFkbtMPVgQ/getUpdates "HTTP/1.1 200 OK"
2026-04-03 15:27:57,816 Ś httpx Ś INFO Ś HTTP Request: POST https://api.telegram.org/bot8733229815:AAFZEEL4GozXnCNfSXa3I0cD_wFkbtMPVgQ/getUpdates "HTTP/1.1 200 OK"
2026-04-03 15:28:07,647 Ś httpx Ś INFO Ś HTTP Request: POST https://api.telegram.org/bot8733229815:AAFZEEL4GozXnCNfSXa3I0cD_wFkbtMPVgQ/getUpdates "HTTP/1.1 200 OK"
2026-04-03 15:28:07,666 Ś apscheduler.scheduler Ś INFO Ś Added job "schedule_journey_check.<locals>.fire_alert" to job store "default"
2026-04-03 15:28:07,669 Ś scheduler Ś INFO Ś Timer set for 2026-04-03 15:29:07.659433 Ś user 7442012545
2026-04-03 15:28:08,496 Ś httpx Ś INFO Ś HTTP Request: POST https://api.telegram.org/bot8733229815:AAFZEEL4GozXnCNfSXa3I0cD_wFkbtMPVgQ/sendMessage "HTTP/1.1 200 OK"
2026-04-03 15:28:17,836 Ś httpx Ś INFO Ś HTTP Request: POST https://api.telegram.org/bot8733229815:AAFZEEL4GozXnCNfSXa3I0cD_wFkbtMPVgQ/getUpdates "HTTP/1.1 200 OK"
2026-04-03 15:28:28,035 Ś httpx Ś INFO Ś HTTP Request: POST https://api.telegram.org/bot8733229815:AAFZEEL4GozXnCNfSXa3I0cD_wFkbtMPVgQ/getUpdates "HTTP/1.1 200 OK"
2026-04-03 15:28:38,244 Ś httpx Ś INFO Ś HTTP Request: POST https://api.telegram.org/bot8733229815:AAFZEEL4GozXnCNfSXa3I0cD_wFkbtMPVgQ/getUpdates "HTTP/1.1 200 OK"
2026-04-03 15:28:48,430 Ś httpx Ś INFO Ś HTTP Request: POST https://api.telegram.org/bot8733229815:AAFZEEL4GozXnCNfSXa3I0cD_wFkbtMPVgQ/getUpdates "HTTP/1.1 200 OK"
2026-04-03 15:28:58,618 Ś httpx Ś INFO Ś HTTP Request: POST https://api.telegram.org/bot8733229815:AAFZEEL4GozXnCNfSXa3I0cD_wFkbtMPVgQ/getUpdates "HTTP/1.1 200 OK"
2026-04-03 15:29:07,660 Ś apscheduler.scheduler Ś INFO Ś Removed job journey_10
2026-04-03 15:29:07,660 Ś apscheduler.executors.default Ś INFO Ś Running job "schedule_journey_check.<locals>.fire_alert (trigger: date[2026-04-03 15:29:07 IST], next run at: 2026-04-03 15:29:07 IST)" (scheduled at 2026-04-03 15:29:07.659433+05:30)
2026-04-03 15:29:07,661 Ś scheduler Ś WARNING Ś Journey 10 expired for user 7442012545
2026-04-03 15:29:08,436 Ś httpx Ś INFO Ś HTTP Request: POST https://api.telegram.org/bot8733229815:AAFZEEL4GozXnCNfSXa3I0cD_wFkbtMPVgQ/sendMessage "HTTP/1.1 200 OK"
2026-04-03 15:29:08,816 Ś httpx Ś INFO Ś HTTP Request: POST https://api.telegram.org/bot8733229815:AAFZEEL4GozXnCNfSXa3I0cD_wFkbtMPVgQ/sendMessage "HTTP/1.1 200 OK"
2026-04-03 15:29:08,816 Ś apscheduler.executors.default Ś INFO Ś Job "schedule_journey_check.<locals>.fire_alert (trigger: date[2026-04-03 15:29:07 IST], next run at: 2026-04-03 15:29:07 IST)" executed successfully
2026-04-03 15:29:08,817 Ś httpx Ś INFO Ś HTTP Request: POST https://api.telegram.org/bot8733229815:AAFZEEL4GozXnCNfSXa3I0cD_wFkbtMPVgQ/getUpdates "HTTP/1.1 200 OK"
2026-04-03 15:29:19,012 Ś httpx Ś INFO Ś HTTP Request: POST https://api.telegram.org/bot8733229815:AAFZEEL4GozXnCNfSXa3I0cD_wFkbtMPVgQ/getUpdates "HTTP/1.1 200 OK"
2026-04-03 15:29:29,268 Ś httpx Ś INFO Ś HTTP Request: POST https://api.telegram.org/bot8733229815:AAFZEEL4GozXnCNfSXa3I0cD_wFkbtMPVgQ/getUpdates "HTTP/1.1 200 OK"
2026-04-03 15:29:32,852 Ś httpx Ś INFO Ś HTTP Request: POST https://api.telegram.org/bot8733229815:AAFZEEL4GozXnCNfSXa3I0cD_wFkbtMPVgQ/getUpdates "HTTP/1.1 200 OK"
2026-04-03 15:29:32,866 Ś apscheduler.scheduler Ś INFO Ś Added job "schedule_journey_check.<locals>.fire_alert" to job store "default"
2026-04-03 15:29:32,866 Ś scheduler Ś INFO Ś Timer set for 2026-04-03 15:30:32.860204 Ś user 7442012545
2026-04-03 15:29:33,789 Ś httpx Ś INFO Ś HTTP Request: POST https://api.telegram.org/bot8733229815:AAFZEEL4GozXnCNfSXa3I0cD_wFkbtMPVgQ/sendMessage "HTTP/1.1 200 OK"
2026-04-03 15:29:40,774 Ś httpx Ś INFO Ś HTTP Request: POST https://api.telegram.org/bot8733229815:AAFZEEL4GozXnCNfSXa3I0cD_wFkbtMPVgQ/getUpdates "HTTP/1.1 200 OK"
2026-04-03 15:29:40,774 Ś apscheduler.scheduler Ś INFO Ś Removed job journey_11
2026-04-03 15:29:40,788 Ś scheduler Ś INFO Ś Cancelled job journey_11
2026-04-03 15:29:41,622 Ś httpx Ś INFO Ś HTTP Request: POST https://api.telegram.org/bot8733229815:AAFZEEL4GozXnCNfSXa3I0cD_wFkbtMPVgQ/sendMessage "HTTP/1.1 200 OK"
2026-04-03 15:29:50,958 Ś httpx Ś INFO Ś HTTP Request: POST https://api.telegram.org/bot8733229815:AAFZEEL4GozXnCNfSXa3I0cD_wFkbtMPVgQ/getUpdates "HTTP/1.1 200 OK"
2026-04-03 15:30:01,145 Ś httpx Ś INFO Ś HTTP Request: POST https://api.telegram.org/bot8733229815:AAFZEEL4GozXnCNfSXa3I0cD_wFkbtMPVgQ/getUpdates "HTTP/1.1 200 OK"
2026-04-03 15:30:11,339 Ś httpx Ś INFO Ś HTTP Request: POST https://api.telegram.org/bot8733229815:AAFZEEL4GozXnCNfSXa3I0cD_wFkbtMPVgQ/getUpdates "HTTP/1.1 200 OK"
2026-04-03 15:30:21,564 Ś httpx Ś INFO Ś HTTP Request: POST https://api.telegram.org/bot8733229815:AAFZEEL4GozXnCNfSXa3I0cD_wFkbtMPVgQ/getUpdates "HTTP/1.1 200 OK"
2026-04-03 15:30:31,770 Ś httpx Ś INFO Ś HTTP Request: POST https://api.telegram.org/bot8733229815:AAFZEEL4GozXnCNfSXa3I0cD_wFkbtMPVgQ/getUpdates "HTTP/1.1 200 OK"
2026-04-03 15:30:41,962 Ś httpx Ś INFO Ś HTTP Request: POST https://api.telegram.org/bot8733229815:AAFZEEL4GozXnCNfSXa3I0cD_wFkbtMPVgQ/getUpdates "HTTP/1.1 200 OK"
2026-04-03 15:30:52,166 Ś httpx Ś INFO Ś HTTP Request: POST https://api.telegram.org/bot8733229815:AAFZEEL4GozXnCNfSXa3I0cD_wFkbtMPVgQ/getUpdates "HTTP/1.1 200 OK"
2026-04-03 15:36:43,618 Ś apscheduler.scheduler Ś INFO Ś Scheduler started
2026-04-03 15:36:44,294 Ś httpx Ś INFO Ś HTTP Request: POST https://api.telegram.org/bot8733229815:AAFZEEL4GozXnCNfSXa3I0cD_wFkbtMPVgQ/getMe "HTTP/1.1 200 OK"
2026-04-03 15:36:44,482 Ś httpx Ś INFO Ś HTTP Request: POST https://api.telegram.org/bot8733229815:AAFZEEL4GozXnCNfSXa3I0cD_wFkbtMPVgQ/deleteWebhook "HTTP/1.1 200 OK"
2026-04-03 15:36:44,484 Ś telegram.ext.Application Ś INFO Ś Application started
2026-04-03 15:36:45,010 Ś httpx Ś INFO Ś HTTP Request: POST https://api.telegram.org/bot8733229815:AAFZEEL4GozXnCNfSXa3I0cD_wFkbtMPVgQ/getUpdates "HTTP/1.1 200 OK"
2026-04-03 15:36:45,368 Ś httpx Ś INFO Ś HTTP Request: POST https://api.telegram.org/bot8733229815:AAFZEEL4GozXnCNfSXa3I0cD_wFkbtMPVgQ/sendMessage "HTTP/1.1 200 OK"
2026-04-03 15:36:55,184 Ś httpx Ś INFO Ś HTTP Request: POST https://api.telegram.org/bot8733229815:AAFZEEL4GozXnCNfSXa3I0cD_wFkbtMPVgQ/getUpdates "HTTP/1.1 200 OK"
2026-04-03 15:37:05,364 Ś httpx Ś INFO Ś HTTP Request: POST https://api.telegram.org/bot8733229815:AAFZEEL4GozXnCNfSXa3I0cD_wFkbtMPVgQ/getUpdates "HTTP/1.1 200 OK"
2026-04-03 15:37:15,540 Ś httpx Ś INFO Ś HTTP Request: POST https://api.telegram.org/bot8733229815:AAFZEEL4GozXnCNfSXa3I0cD_wFkbtMPVgQ/getUpdates "HTTP/1.1 200 OK"
2026-04-03 15:37:21,265 Ś httpx Ś INFO Ś HTTP Request: POST https://api.telegram.org/bot8733229815:AAFZEEL4GozXnCNfSXa3I0cD_wFkbtMPVgQ/getUpdates "HTTP/1.1 200 OK"
2026-04-03 15:37:22,022 Ś httpx Ś INFO Ś HTTP Request: POST https://api.telegram.org/bot8733229815:AAFZEEL4GozXnCNfSXa3I0cD_wFkbtMPVgQ/sendMessage "HTTP/1.1 200 OK"
2026-04-03 15:37:31,378 Ś httpx Ś INFO Ś HTTP Request: POST https://api.telegram.org/bot8733229815:AAFZEEL4GozXnCNfSXa3I0cD_wFkbtMPVgQ/getUpdates "HTTP/1.1 200 OK"
2026-04-03 15:37:31,401 Ś apscheduler.scheduler Ś INFO Ś Added job "schedule_journey_check.<locals>.fire_alert" to job store "default"
2026-04-03 15:37:31,401 Ś scheduler Ś INFO Ś Timer set for 2026-04-03 15:38:31.393667 Ś user 7442012545
2026-04-03 15:37:32,366 Ś httpx Ś INFO Ś HTTP Request: POST https://api.telegram.org/bot8733229815:AAFZEEL4GozXnCNfSXa3I0cD_wFkbtMPVgQ/sendMessage "HTTP/1.1 200 OK"
2026-04-03 15:37:41,565 Ś httpx Ś INFO Ś HTTP Request: POST https://api.telegram.org/bot8733229815:AAFZEEL4GozXnCNfSXa3I0cD_wFkbtMPVgQ/getUpdates "HTTP/1.1 200 OK"
2026-04-03 15:37:51,741 Ś httpx Ś INFO Ś HTTP Request: POST https://api.telegram.org/bot8733229815:AAFZEEL4GozXnCNfSXa3I0cD_wFkbtMPVgQ/getUpdates "HTTP/1.1 200 OK"
2026-04-03 15:38:01,922 Ś httpx Ś INFO Ś HTTP Request: POST https://api.telegram.org/bot8733229815:AAFZEEL4GozXnCNfSXa3I0cD_wFkbtMPVgQ/getUpdates "HTTP/1.1 200 OK"
2026-04-03 15:38:12,099 Ś httpx Ś INFO Ś HTTP Request: POST https://api.telegram.org/bot8733229815:AAFZEEL4GozXnCNfSXa3I0cD_wFkbtMPVgQ/getUpdates "HTTP/1.1 200 OK"
2026-04-03 15:38:22,298 Ś httpx Ś INFO Ś HTTP Request: POST https://api.telegram.org/bot8733229815:AAFZEEL4GozXnCNfSXa3I0cD_wFkbtMPVgQ/getUpdates "HTTP/1.1 200 OK"
2026-04-03 15:38:31,399 Ś apscheduler.scheduler Ś INFO Ś Removed job journey_12
2026-04-03 15:38:31,399 Ś apscheduler.executors.default Ś INFO Ś Running job "schedule_journey_check.<locals>.fire_alert (trigger: date[2026-04-03 15:38:31 IST], next run at: 2026-04-03 15:38:31 IST)" (scheduled at 2026-04-03 15:38:31.393667+05:30)
2026-04-03 15:38:31,399 Ś scheduler Ś WARNING Ś Journey 12 expired for user 7442012545
2026-04-03 15:38:32,169 Ś httpx Ś INFO Ś HTTP Request: POST https://api.telegram.org/bot8733229815:AAFZEEL4GozXnCNfSXa3I0cD_wFkbtMPVgQ/sendMessage "HTTP/1.1 200 OK"
2026-04-03 15:38:32,474 Ś httpx Ś INFO Ś HTTP Request: POST https://api.telegram.org/bot8733229815:AAFZEEL4GozXnCNfSXa3I0cD_wFkbtMPVgQ/getUpdates "HTTP/1.1 200 OK"
2026-04-03 15:38:32,544 Ś httpx Ś INFO Ś HTTP Request: POST https://api.telegram.org/bot8733229815:AAFZEEL4GozXnCNfSXa3I0cD_wFkbtMPVgQ/sendMessage "HTTP/1.1 200 OK"
2026-04-03 15:38:32,910 Ś httpx Ś INFO Ś HTTP Request: POST https://api.telegram.org/bot8733229815:AAFZEEL4GozXnCNfSXa3I0cD_wFkbtMPVgQ/sendMessage "HTTP/1.1 200 OK"
2026-04-03 15:38:32,914 Ś apscheduler.executors.default Ś INFO Ś Job "schedule_journey_check.<locals>.fire_alert (trigger: date[2026-04-03 15:38:31 IST], next run at: 2026-04-03 15:38:31 IST)" executed successfully
2026-04-03 15:38:42,663 Ś httpx Ś INFO Ś HTTP Request: POST https://api.telegram.org/bot8733229815:AAFZEEL4GozXnCNfSXa3I0cD_wFkbtMPVgQ/getUpdates "HTTP/1.1 200 OK"
2026-04-03 15:38:50,964 Ś telegram.ext.Updater Ś ERROR Ś Error while getting Updates: httpx.ReadError: 
2026-04-03 15:38:50,992 Ś telegram.ext.Application Ś ERROR Ś No error handlers are registered, logging exception.
Traceback (most recent call last):
  File "C:\Users\ASHWANI MURYA\AppData\Roaming\Python\Python311\site-packages\httpx\_transports\default.py", line 66, in map_httpcore_exceptions
    yield
  File "C:\Users\ASHWANI MURYA\AppData\Roaming\Python\Python311\site-packages\httpx\_transports\default.py", line 366, in handle_async_request
    resp = await self._pool.handle_async_request(req)
           ^^^^^^^^^^^^^^^^^^^^^^^^^^^^^^^^^^^^^^^^^^
  File "C:\Users\ASHWANI MURYA\AppData\Roaming\Python\Python311\site-packages\httpcore\_async\connection_pool.py", line 256, in handle_async_request
    raise exc from None
  File "C:\Users\ASHWANI MURYA\AppData\Roaming\Python\Python311\site-packages\httpcore\_async\connection_pool.py", line 236, in handle_async_request
    response = await connection.handle_async_request(
               ^^^^^^^^^^^^^^^^^^^^^^^^^^^^^^^^^^^^^^
  File "C:\Users\ASHWANI MURYA\AppData\Roaming\Python\Python311\site-packages\httpcore\_async\connection.py", line 103, in handle_async_request
    return await self._connection.handle_async_request(request)
           ^^^^^^^^^^^^^^^^^^^^^^^^^^^^^^^^^^^^^^^^^^^^^^^^^^^^
  File "C:\Users\ASHWANI MURYA\AppData\Roaming\Python\Python311\site-packages\httpcore\_async\http11.py", line 136, in handle_async_request
    raise exc
  File "C:\Users\ASHWANI MURYA\AppData\Roaming\Python\Python311\site-packages\httpcore\_async\http11.py", line 106, in handle_async_request
    ) = await self._receive_response_headers(**kwargs)
        ^^^^^^^^^^^^^^^^^^^^^^^^^^^^^^^^^^^^^^^^^^^^^^
  File "C:\Users\ASHWANI MURYA\AppData\Roaming\Python\Python311\site-packages\httpcore\_async\http11.py", line 177, in _receive_response_headers
    event = await self._receive_event(timeout=timeout)
            ^^^^^^^^^^^^^^^^^^^^^^^^^^^^^^^^^^^^^^^^^^
  File "C:\Users\ASHWANI MURYA\AppData\Roaming\Python\Python311\site-packages\httpcore\_async\http11.py", line 217, in _receive_event
    data = await self._network_stream.read(
           ^^^^^^^^^^^^^^^^^^^^^^^^^^^^^^^^
  File "C:\Users\ASHWANI MURYA\AppData\Roaming\Python\Python311\site-packages\httpcore\_backends\anyio.py", line 32, in read
    with map_exceptions(exc_map):
  File "C:\Program Files\Python311\Lib\contextlib.py", line 155, in __exit__
    self.gen.throw(typ, value, traceback)
  File "C:\Users\ASHWANI MURYA\AppData\Roaming\Python\Python311\site-packages\httpcore\_exceptions.py", line 14, in map_exceptions
    raise to_exc(exc) from exc
httpcore.ReadError

The above exception was the direct cause of the following exception:

Traceback (most recent call last):
  File "C:\Users\ASHWANI MURYA\AppData\Roaming\Python\Python311\site-packages\telegram\request\_httpxrequest.py", line 219, in do_request
    res = await self._client.request(
          ^^^^^^^^^^^^^^^^^^^^^^^^^^^
  File "C:\Users\ASHWANI MURYA\AppData\Roaming\Python\Python311\site-packages\httpx\_client.py", line 1530, in request
    return await self.send(request, auth=auth, follow_redirects=follow_redirects)
           ^^^^^^^^^^^^^^^^^^^^^^^^^^^^^^^^^^^^^^^^^^^^^^^^^^^^^^^^^^^^^^^^^^^^^^
  File "C:\Users\ASHWANI MURYA\AppData\Roaming\Python\Python311\site-packages\httpx\_client.py", line 1617, in send
    response = await self._send_handling_auth(
               ^^^^^^^^^^^^^^^^^^^^^^^^^^^^^^^
  File "C:\Users\ASHWANI MURYA\AppData\Roaming\Python\Python311\site-packages\httpx\_client.py", line 1645, in _send_handling_auth
    response = await self._send_handling_redirects(
               ^^^^^^^^^^^^^^^^^^^^^^^^^^^^^^^^^^^^
  File "C:\Users\ASHWANI MURYA\AppData\Roaming\Python\Python311\site-packages\httpx\_client.py", line 1682, in _send_handling_redirects
    response = await self._send_single_request(request)
               ^^^^^^^^^^^^^^^^^^^^^^^^^^^^^^^^^^^^^^^^
  File "C:\Users\ASHWANI MURYA\AppData\Roaming\Python\Python311\site-packages\httpx\_client.py", line 1719, in _send_single_request
    response = await transport.handle_async_request(request)
               ^^^^^^^^^^^^^^^^^^^^^^^^^^^^^^^^^^^^^^^^^^^^^
  File "C:\Users\ASHWANI MURYA\AppData\Roaming\Python\Python311\site-packages\httpx\_transports\default.py", line 365, in handle_async_request
    with map_httpcore_exceptions():
  File "C:\Program Files\Python311\Lib\contextlib.py", line 155, in __exit__
    self.gen.throw(typ, value, traceback)
  File "C:\Users\ASHWANI MURYA\AppData\Roaming\Python\Python311\site-packages\httpx\_transports\default.py", line 83, in map_httpcore_exceptions
    raise mapped_exc(message) from exc
httpx.ReadError

The above exception was the direct cause of the following exception:

Traceback (most recent call last):
  File "C:\Users\ASHWANI MURYA\AppData\Roaming\Python\Python311\site-packages\telegram\ext\_updater.py", line 640, in _network_loop_retry
    if not await action_cb():
           ^^^^^^^^^^^^^^^^^
  File "C:\Users\ASHWANI MURYA\AppData\Roaming\Python\Python311\site-packages\telegram\ext\_updater.py", line 345, in polling_action_cb
    raise exc
  File "C:\Users\ASHWANI MURYA\AppData\Roaming\Python\Python311\site-packages\telegram\ext\_updater.py", line 334, in polling_action_cb
    updates = await self.bot.get_updates(
              ^^^^^^^^^^^^^^^^^^^^^^^^^^^
  File "C:\Users\ASHWANI MURYA\AppData\Roaming\Python\Python311\site-packages\telegram\ext\_extbot.py", line 565, in get_updates
    updates = await super().get_updates(
              ^^^^^^^^^^^^^^^^^^^^^^^^^^
  File "C:\Users\ASHWANI MURYA\AppData\Roaming\Python\Python311\site-packages\telegram\_bot.py", line 519, in decorator
    result = await func(self, *args, **kwargs)  # skipcq: PYL-E1102
             ^^^^^^^^^^^^^^^^^^^^^^^^^^^^^^^^^
  File "C:\Users\ASHWANI MURYA\AppData\Roaming\Python\Python311\site-packages\telegram\_bot.py", line 3562, in get_updates
    await self._post(
  File "C:\Users\ASHWANI MURYA\AppData\Roaming\Python\Python311\site-packages\telegram\_bot.py", line 607, in _post
    return await self._do_post(
           ^^^^^^^^^^^^^^^^^^^^
  File "C:\Users\ASHWANI MURYA\AppData\Roaming\Python\Python311\site-packages\telegram\ext\_extbot.py", line 347, in _do_post
    return await super()._do_post(
           ^^^^^^^^^^^^^^^^^^^^^^^
  File "C:\Users\ASHWANI MURYA\AppData\Roaming\Python\Python311\site-packages\telegram\_bot.py", line 635, in _do_post
    return await request.post(
           ^^^^^^^^^^^^^^^^^^^
  File "C:\Users\ASHWANI MURYA\AppData\Roaming\Python\Python311\site-packages\telegram\request\_baserequest.py", line 168, in post
    result = await self._request_wrapper(
             ^^^^^^^^^^^^^^^^^^^^^^^^^^^^
  File "C:\Users\ASHWANI MURYA\AppData\Roaming\Python\Python311\site-packages\telegram\request\_baserequest.py", line 288, in _request_wrapper
    raise exc
  File "C:\Users\ASHWANI MURYA\AppData\Roaming\Python\Python311\site-packages\telegram\request\_baserequest.py", line 278, in _request_wrapper
    code, payload = await self.do_request(
                    ^^^^^^^^^^^^^^^^^^^^^^
  File "C:\Users\ASHWANI MURYA\AppData\Roaming\Python\Python311\site-packages\telegram\request\_httpxrequest.py", line 243, in do_request
    raise NetworkError(f"httpx.{err.__class__.__name__}: {err}") from err
telegram.error.NetworkError: httpx.ReadError: 
2026-04-03 15:39:02,552 Ś httpx Ś INFO Ś HTTP Request: POST https://api.telegram.org/bot8733229815:AAFZEEL4GozXnCNfSXa3I0cD_wFkbtMPVgQ/getUpdates "HTTP/1.1 200 OK"
2026-04-03 15:39:12,736 Ś httpx Ś INFO Ś HTTP Request: POST https://api.telegram.org/bot8733229815:AAFZEEL4GozXnCNfSXa3I0cD_wFkbtMPVgQ/getUpdates "HTTP/1.1 200 OK"
2026-04-03 15:39:22,921 Ś httpx Ś INFO Ś HTTP Request: POST https://api.telegram.org/bot8733229815:AAFZEEL4GozXnCNfSXa3I0cD_wFkbtMPVgQ/getUpdates "HTTP/1.1 200 OK"
2026-04-03 15:39:33,110 Ś httpx Ś INFO Ś HTTP Request: POST https://api.telegram.org/bot8733229815:AAFZEEL4GozXnCNfSXa3I0cD_wFkbtMPVgQ/getUpdates "HTTP/1.1 200 OK"
2026-04-03 15:39:43,295 Ś httpx Ś INFO Ś HTTP Request: POST https://api.telegram.org/bot8733229815:AAFZEEL4GozXnCNfSXa3I0cD_wFkbtMPVgQ/getUpdates "HTTP/1.1 200 OK"
2026-04-03 15:39:53,478 Ś httpx Ś INFO Ś HTTP Request: POST https://api.telegram.org/bot8733229815:AAFZEEL4GozXnCNfSXa3I0cD_wFkbtMPVgQ/getUpdates "HTTP/1.1 200 OK"
2026-04-03 15:40:03,661 Ś httpx Ś INFO Ś HTTP Request: POST https://api.telegram.org/bot8733229815:AAFZEEL4GozXnCNfSXa3I0cD_wFkbtMPVgQ/getUpdates "HTTP/1.1 200 OK"
2026-04-03 15:40:13,851 Ś httpx Ś INFO Ś HTTP Request: POST https://api.telegram.org/bot8733229815:AAFZEEL4GozXnCNfSXa3I0cD_wFkbtMPVgQ/getUpdates "HTTP/1.1 200 OK"
2026-04-03 15:40:24,038 Ś httpx Ś INFO Ś HTTP Request: POST https://api.telegram.org/bot8733229815:AAFZEEL4GozXnCNfSXa3I0cD_wFkbtMPVgQ/getUpdates "HTTP/1.1 200 OK"
2026-04-03 15:40:34,221 Ś httpx Ś INFO Ś HTTP Request: POST https://api.telegram.org/bot8733229815:AAFZEEL4GozXnCNfSXa3I0cD_wFkbtMPVgQ/getUpdates "HTTP/1.1 200 OK"
2026-04-03 15:40:44,409 Ś httpx Ś INFO Ś HTTP Request: POST https://api.telegram.org/bot8733229815:AAFZEEL4GozXnCNfSXa3I0cD_wFkbtMPVgQ/getUpdates "HTTP/1.1 200 OK"
2026-04-03 15:40:54,591 Ś httpx Ś INFO Ś HTTP Request: POST https://api.telegram.org/bot8733229815:AAFZEEL4GozXnCNfSXa3I0cD_wFkbtMPVgQ/getUpdates "HTTP/1.1 200 OK"
2026-04-03 15:41:04,767 Ś httpx Ś INFO Ś HTTP Request: POST https://api.telegram.org/bot8733229815:AAFZEEL4GozXnCNfSXa3I0cD_wFkbtMPVgQ/getUpdates "HTTP/1.1 200 OK"
2026-04-03 15:41:14,966 Ś httpx Ś INFO Ś HTTP Request: POST https://api.telegram.org/bot8733229815:AAFZEEL4GozXnCNfSXa3I0cD_wFkbtMPVgQ/getUpdates "HTTP/1.1 200 OK"
2026-04-03 15:41:25,157 Ś httpx Ś INFO Ś HTTP Request: POST https://api.telegram.org/bot8733229815:AAFZEEL4GozXnCNfSXa3I0cD_wFkbtMPVgQ/getUpdates "HTTP/1.1 200 OK"
2026-04-03 15:41:35,345 Ś httpx Ś INFO Ś HTTP Request: POST https://api.telegram.org/bot8733229815:AAFZEEL4GozXnCNfSXa3I0cD_wFkbtMPVgQ/getUpdates "HTTP/1.1 200 OK"
2026-04-03 15:41:45,527 Ś httpx Ś INFO Ś HTTP Request: POST https://api.telegram.org/bot8733229815:AAFZEEL4GozXnCNfSXa3I0cD_wFkbtMPVgQ/getUpdates "HTTP/1.1 200 OK"
2026-04-03 15:41:55,712 Ś httpx Ś INFO Ś HTTP Request: POST https://api.telegram.org/bot8733229815:AAFZEEL4GozXnCNfSXa3I0cD_wFkbtMPVgQ/getUpdates "HTTP/1.1 200 OK"
2026-04-03 15:42:05,894 Ś httpx Ś INFO Ś HTTP Request: POST https://api.telegram.org/bot8733229815:AAFZEEL4GozXnCNfSXa3I0cD_wFkbtMPVgQ/getUpdates "HTTP/1.1 200 OK"
2026-04-03 15:42:16,078 Ś httpx Ś INFO Ś HTTP Request: POST https://api.telegram.org/bot8733229815:AAFZEEL4GozXnCNfSXa3I0cD_wFkbtMPVgQ/getUpdates "HTTP/1.1 200 OK"
2026-04-03 15:42:26,265 Ś httpx Ś INFO Ś HTTP Request: POST https://api.telegram.org/bot8733229815:AAFZEEL4GozXnCNfSXa3I0cD_wFkbtMPVgQ/getUpdates "HTTP/1.1 200 OK"
2026-04-03 15:45:14,270 Ś apscheduler.scheduler Ś INFO Ś Scheduler started
2026-04-03 15:45:14,919 Ś httpx Ś INFO Ś HTTP Request: POST https://api.telegram.org/bot8733229815:AAFZEEL4GozXnCNfSXa3I0cD_wFkbtMPVgQ/getMe "HTTP/1.1 200 OK"
2026-04-03 15:45:15,096 Ś httpx Ś INFO Ś HTTP Request: POST https://api.telegram.org/bot8733229815:AAFZEEL4GozXnCNfSXa3I0cD_wFkbtMPVgQ/deleteWebhook "HTTP/1.1 200 OK"
2026-04-03 15:45:15,096 Ś telegram.ext.Application Ś INFO Ś Application started
2026-04-03 15:45:18,022 Ś httpx Ś INFO Ś HTTP Request: POST https://api.telegram.org/bot8733229815:AAFZEEL4GozXnCNfSXa3I0cD_wFkbtMPVgQ/getUpdates "HTTP/1.1 200 OK"
2026-04-03 15:45:18,431 Ś httpx Ś INFO Ś HTTP Request: POST https://api.telegram.org/bot8733229815:AAFZEEL4GozXnCNfSXa3I0cD_wFkbtMPVgQ/sendMessage "HTTP/1.1 200 OK"
2026-04-03 15:45:28,199 Ś httpx Ś INFO Ś HTTP Request: POST https://api.telegram.org/bot8733229815:AAFZEEL4GozXnCNfSXa3I0cD_wFkbtMPVgQ/getUpdates "HTTP/1.1 200 OK"
2026-04-03 15:45:33,183 Ś httpx Ś INFO Ś HTTP Request: POST https://api.telegram.org/bot8733229815:AAFZEEL4GozXnCNfSXa3I0cD_wFkbtMPVgQ/getUpdates "HTTP/1.1 200 OK"
2026-04-03 15:45:33,198 Ś apscheduler.scheduler Ś INFO Ś Added job "schedule_journey_check.<locals>.fire_alert" to job store "default"
2026-04-03 15:45:33,198 Ś scheduler Ś INFO Ś Timer set for 2026-04-03 15:48:33.183828 Ś user 7442012545
2026-04-03 15:45:33,922 Ś httpx Ś INFO Ś HTTP Request: POST https://api.telegram.org/bot8733229815:AAFZEEL4GozXnCNfSXa3I0cD_wFkbtMPVgQ/sendMessage "HTTP/1.1 200 OK"
2026-04-03 15:45:43,375 Ś httpx Ś INFO Ś HTTP Request: POST https://api.telegram.org/bot8733229815:AAFZEEL4GozXnCNfSXa3I0cD_wFkbtMPVgQ/getUpdates "HTTP/1.1 200 OK"
2026-04-03 15:45:45,834 Ś httpx Ś INFO Ś HTTP Request: POST https://api.telegram.org/bot8733229815:AAFZEEL4GozXnCNfSXa3I0cD_wFkbtMPVgQ/getUpdates "HTTP/1.1 200 OK"
2026-04-03 15:45:46,674 Ś httpx Ś INFO Ś HTTP Request: POST https://api.telegram.org/bot8733229815:AAFZEEL4GozXnCNfSXa3I0cD_wFkbtMPVgQ/sendMessage "HTTP/1.1 200 OK"
2026-04-03 15:45:56,018 Ś httpx Ś INFO Ś HTTP Request: POST https://api.telegram.org/bot8733229815:AAFZEEL4GozXnCNfSXa3I0cD_wFkbtMPVgQ/getUpdates "HTTP/1.1 200 OK"
2026-04-03 15:46:06,197 Ś httpx Ś INFO Ś HTTP Request: POST https://api.telegram.org/bot8733229815:AAFZEEL4GozXnCNfSXa3I0cD_wFkbtMPVgQ/getUpdates "HTTP/1.1 200 OK"
2026-04-03 15:46:16,391 Ś httpx Ś INFO Ś HTTP Request: POST https://api.telegram.org/bot8733229815:AAFZEEL4GozXnCNfSXa3I0cD_wFkbtMPVgQ/getUpdates "HTTP/1.1 200 OK"
2026-04-03 15:46:26,566 Ś httpx Ś INFO Ś HTTP Request: POST https://api.telegram.org/bot8733229815:AAFZEEL4GozXnCNfSXa3I0cD_wFkbtMPVgQ/getUpdates "HTTP/1.1 200 OK"
2026-04-03 15:46:36,766 Ś httpx Ś INFO Ś HTTP Request: POST https://api.telegram.org/bot8733229815:AAFZEEL4GozXnCNfSXa3I0cD_wFkbtMPVgQ/getUpdates "HTTP/1.1 200 OK"
2026-04-03 15:46:46,962 Ś httpx Ś INFO Ś HTTP Request: POST https://api.telegram.org/bot8733229815:AAFZEEL4GozXnCNfSXa3I0cD_wFkbtMPVgQ/getUpdates "HTTP/1.1 200 OK"
2026-04-03 15:46:57,157 Ś httpx Ś INFO Ś HTTP Request: POST https://api.telegram.org/bot8733229815:AAFZEEL4GozXnCNfSXa3I0cD_wFkbtMPVgQ/getUpdates "HTTP/1.1 200 OK"
2026-04-03 15:47:07,364 Ś httpx Ś INFO Ś HTTP Request: POST https://api.telegram.org/bot8733229815:AAFZEEL4GozXnCNfSXa3I0cD_wFkbtMPVgQ/getUpdates "HTTP/1.1 200 OK"
2026-04-03 15:47:17,663 Ś httpx Ś INFO Ś HTTP Request: POST https://api.telegram.org/bot8733229815:AAFZEEL4GozXnCNfSXa3I0cD_wFkbtMPVgQ/getUpdates "HTTP/1.1 200 OK"
2026-04-03 15:47:27,863 Ś httpx Ś INFO Ś HTTP Request: POST https://api.telegram.org/bot8733229815:AAFZEEL4GozXnCNfSXa3I0cD_wFkbtMPVgQ/getUpdates "HTTP/1.1 200 OK"
2026-04-03 15:47:38,063 Ś httpx Ś INFO Ś HTTP Request: POST https://api.telegram.org/bot8733229815:AAFZEEL4GozXnCNfSXa3I0cD_wFkbtMPVgQ/getUpdates "HTTP/1.1 200 OK"
2026-04-03 15:47:48,240 Ś httpx Ś INFO Ś HTTP Request: POST https://api.telegram.org/bot8733229815:AAFZEEL4GozXnCNfSXa3I0cD_wFkbtMPVgQ/getUpdates "HTTP/1.1 200 OK"
2026-04-03 15:47:58,447 Ś httpx Ś INFO Ś HTTP Request: POST https://api.telegram.org/bot8733229815:AAFZEEL4GozXnCNfSXa3I0cD_wFkbtMPVgQ/getUpdates "HTTP/1.1 200 OK"
2026-04-03 15:48:08,638 Ś httpx Ś INFO Ś HTTP Request: POST https://api.telegram.org/bot8733229815:AAFZEEL4GozXnCNfSXa3I0cD_wFkbtMPVgQ/getUpdates "HTTP/1.1 200 OK"
2026-04-03 15:48:18,818 Ś httpx Ś INFO Ś HTTP Request: POST https://api.telegram.org/bot8733229815:AAFZEEL4GozXnCNfSXa3I0cD_wFkbtMPVgQ/getUpdates "HTTP/1.1 200 OK"
2026-04-03 15:48:28,999 Ś httpx Ś INFO Ś HTTP Request: POST https://api.telegram.org/bot8733229815:AAFZEEL4GozXnCNfSXa3I0cD_wFkbtMPVgQ/getUpdates "HTTP/1.1 200 OK"
2026-04-03 15:48:33,199 Ś apscheduler.scheduler Ś INFO Ś Removed job journey_13
2026-04-03 15:48:33,199 Ś apscheduler.executors.default Ś INFO Ś Running job "schedule_journey_check.<locals>.fire_alert (trigger: date[2026-04-03 15:48:33 IST], next run at: 2026-04-03 15:48:33 IST)" (scheduled at 2026-04-03 15:48:33.183828+05:30)
2026-04-03 15:48:33,199 Ś scheduler Ś WARNING Ś Journey 13 expired for user 7442012545
2026-04-03 15:48:33,989 Ś httpx Ś INFO Ś HTTP Request: POST https://api.telegram.org/bot8733229815:AAFZEEL4GozXnCNfSXa3I0cD_wFkbtMPVgQ/sendMessage "HTTP/1.1 200 OK"
2026-04-03 15:48:34,527 Ś httpx Ś INFO Ś HTTP Request: POST https://api.telegram.org/bot8733229815:AAFZEEL4GozXnCNfSXa3I0cD_wFkbtMPVgQ/sendMessage "HTTP/1.1 200 OK"
2026-04-03 15:48:34,928 Ś httpx Ś INFO Ś HTTP Request: POST https://api.telegram.org/bot8733229815:AAFZEEL4GozXnCNfSXa3I0cD_wFkbtMPVgQ/sendMessage "HTTP/1.1 200 OK"
2026-04-03 15:48:34,928 Ś apscheduler.executors.default Ś INFO Ś Job "schedule_journey_check.<locals>.fire_alert (trigger: date[2026-04-03 15:48:33 IST], next run at: 2026-04-03 15:48:33 IST)" executed successfully
2026-04-03 15:48:39,406 Ś httpx Ś INFO Ś HTTP Request: POST https://api.telegram.org/bot8733229815:AAFZEEL4GozXnCNfSXa3I0cD_wFkbtMPVgQ/getUpdates "HTTP/1.1 200 OK"
2026-04-03 15:48:49,772 Ś httpx Ś INFO Ś HTTP Request: POST https://api.telegram.org/bot8733229815:AAFZEEL4GozXnCNfSXa3I0cD_wFkbtMPVgQ/getUpdates "HTTP/1.1 200 OK"
2026-04-03 15:48:59,961 Ś httpx Ś INFO Ś HTTP Request: POST https://api.telegram.org/bot8733229815:AAFZEEL4GozXnCNfSXa3I0cD_wFkbtMPVgQ/getUpdates "HTTP/1.1 200 OK"
2026-04-03 15:49:10,131 Ś httpx Ś INFO Ś HTTP Request: POST https://api.telegram.org/bot8733229815:AAFZEEL4GozXnCNfSXa3I0cD_wFkbtMPVgQ/getUpdates "HTTP/1.1 200 OK"
2026-04-03 15:49:20,329 Ś httpx Ś INFO Ś HTTP Request: POST https://api.telegram.org/bot8733229815:AAFZEEL4GozXnCNfSXa3I0cD_wFkbtMPVgQ/getUpdates "HTTP/1.1 200 OK"
2026-04-03 15:49:30,511 Ś httpx Ś INFO Ś HTTP Request: POST https://api.telegram.org/bot8733229815:AAFZEEL4GozXnCNfSXa3I0cD_wFkbtMPVgQ/getUpdates "HTTP/1.1 200 OK"
2026-04-03 15:49:40,692 Ś httpx Ś INFO Ś HTTP Request: POST https://api.telegram.org/bot8733229815:AAFZEEL4GozXnCNfSXa3I0cD_wFkbtMPVgQ/getUpdates "HTTP/1.1 200 OK"
2026-04-03 15:49:50,878 Ś httpx Ś INFO Ś HTTP Request: POST https://api.telegram.org/bot8733229815:AAFZEEL4GozXnCNfSXa3I0cD_wFkbtMPVgQ/getUpdates "HTTP/1.1 200 OK"
2026-04-03 15:50:01,065 Ś httpx Ś INFO Ś HTTP Request: POST https://api.telegram.org/bot8733229815:AAFZEEL4GozXnCNfSXa3I0cD_wFkbtMPVgQ/getUpdates "HTTP/1.1 200 OK"
